[
  {
    "pokemon": "bulbasaur",
    "sprite_url": "https://raw.githubusercontent.com/PokeAPI/sprites/master/sprites/pokemon/1.png",
    "timestamp": "2025-06-07T19:21:50.041467"
  },
  {
    "pokemon": "ivysaur",
    "sprite_url": "https://raw.githubusercontent.com/PokeAPI/sprites/master/sprites/pokemon/2.png",
    "timestamp": "2025-06-07T19:21:50.177535"
  },
  {
    "pokemon": "venusaur",
    "sprite_url": "https://raw.githubusercontent.com/PokeAPI/sprites/master/sprites/pokemon/3.png",
    "timestamp": "2025-06-07T19:21:50.319780"
  },
  {
    "pokemon": "charmander",
    "sprite_url": "https://raw.githubusercontent.com/PokeAPI/sprites/master/sprites/pokemon/4.png",
    "timestamp": "2025-06-07T19:21:50.464076"
  },
  {
    "pokemon": "charmeleon",
    "sprite_url": "https://raw.githubusercontent.com/PokeAPI/sprites/master/sprites/pokemon/5.png",
    "timestamp": "2025-06-07T19:21:50.600532"
  },
  {
    "pokemon": "charizard",
    "sprite_url": "https://raw.githubusercontent.com/PokeAPI/sprites/master/sprites/pokemon/6.png",
    "timestamp": "2025-06-07T19:21:50.731114"
  },
  {
    "pokemon": "squirtle",
    "sprite_url": "https://raw.githubusercontent.com/PokeAPI/sprites/master/sprites/pokemon/7.png",
    "timestamp": "2025-06-07T19:21:50.861238"
  },
  {
    "pokemon": "wartortle",
    "sprite_url": "https://raw.githubusercontent.com/PokeAPI/sprites/master/sprites/pokemon/8.png",
    "timestamp": "2025-06-07T19:21:51.007407"
  },
  {
    "pokemon": "blastoise",
    "sprite_url": "https://raw.githubusercontent.com/PokeAPI/sprites/master/sprites/pokemon/9.png",
    "timestamp": "2025-06-07T19:21:51.144374"
  },
  {
    "pokemon": "caterpie",
    "sprite_url": "https://raw.githubusercontent.com/PokeAPI/sprites/master/sprites/pokemon/10.png",
    "timestamp": "2025-06-07T19:21:51.281218"
  },
  {
    "pokemon": "metapod",
    "sprite_url": "https://raw.githubusercontent.com/PokeAPI/sprites/master/sprites/pokemon/11.png",
    "timestamp": "2025-06-07T19:21:51.408382"
  },
  {
    "pokemon": "butterfree",
    "sprite_url": "https://raw.githubusercontent.com/PokeAPI/sprites/master/sprites/pokemon/12.png",
    "timestamp": "2025-06-07T19:21:51.541125"
  },
  {
    "pokemon": "weedle",
    "sprite_url": "https://raw.githubusercontent.com/PokeAPI/sprites/master/sprites/pokemon/13.png",
    "timestamp": "2025-06-07T19:21:51.673957"
  },
  {
    "pokemon": "kakuna",
    "sprite_url": "https://raw.githubusercontent.com/PokeAPI/sprites/master/sprites/pokemon/14.png",
    "timestamp": "2025-06-07T19:21:51.807805"
  },
  {
    "pokemon": "beedrill",
    "sprite_url": "https://raw.githubusercontent.com/PokeAPI/sprites/master/sprites/pokemon/15.png",
    "timestamp": "2025-06-07T19:21:51.940976"
  },
  {
    "pokemon": "pidgey",
    "sprite_url": "https://raw.githubusercontent.com/PokeAPI/sprites/master/sprites/pokemon/16.png",
    "timestamp": "2025-06-07T19:21:52.074756"
  },
  {
    "pokemon": "pidgeotto",
    "sprite_url": "https://raw.githubusercontent.com/PokeAPI/sprites/master/sprites/pokemon/17.png",
    "timestamp": "2025-06-07T19:21:52.213120"
  },
  {
    "pokemon": "pidgeot",
    "sprite_url": "https://raw.githubusercontent.com/PokeAPI/sprites/master/sprites/pokemon/18.png",
    "timestamp": "2025-06-07T19:21:52.341165"
  },
  {
    "pokemon": "rattata",
    "sprite_url": "https://raw.githubusercontent.com/PokeAPI/sprites/master/sprites/pokemon/19.png",
    "timestamp": "2025-06-07T19:21:52.492160"
  },
  {
    "pokemon": "raticate",
    "sprite_url": "https://raw.githubusercontent.com/PokeAPI/sprites/master/sprites/pokemon/20.png",
    "timestamp": "2025-06-07T19:21:52.625661"
  },
  {
    "pokemon": "spearow",
    "sprite_url": "https://raw.githubusercontent.com/PokeAPI/sprites/master/sprites/pokemon/21.png",
    "timestamp": "2025-06-07T19:21:52.760263"
  },
  {
    "pokemon": "fearow",
    "sprite_url": "https://raw.githubusercontent.com/PokeAPI/sprites/master/sprites/pokemon/22.png",
    "timestamp": "2025-06-07T19:21:52.897297"
  },
  {
    "pokemon": "ekans",
    "sprite_url": "https://raw.githubusercontent.com/PokeAPI/sprites/master/sprites/pokemon/23.png",
    "timestamp": "2025-06-07T19:21:53.029343"
  },
  {
    "pokemon": "arbok",
    "sprite_url": "https://raw.githubusercontent.com/PokeAPI/sprites/master/sprites/pokemon/24.png",
    "timestamp": "2025-06-07T19:21:53.162531"
  },
  {
    "pokemon": "pikachu",
    "sprite_url": "https://raw.githubusercontent.com/PokeAPI/sprites/master/sprites/pokemon/25.png",
    "timestamp": "2025-06-07T19:21:53.302422"
  },
  {
    "pokemon": "raichu",
    "sprite_url": "https://raw.githubusercontent.com/PokeAPI/sprites/master/sprites/pokemon/26.png",
    "timestamp": "2025-06-07T19:21:53.444625"
  },
  {
    "pokemon": "sandshrew",
    "sprite_url": "https://raw.githubusercontent.com/PokeAPI/sprites/master/sprites/pokemon/27.png",
    "timestamp": "2025-06-07T19:21:53.584034"
  },
  {
    "pokemon": "sandslash",
    "sprite_url": "https://raw.githubusercontent.com/PokeAPI/sprites/master/sprites/pokemon/28.png",
    "timestamp": "2025-06-07T19:21:53.756170"
  },
  {
    "pokemon": "nidoran-f",
    "sprite_url": "https://raw.githubusercontent.com/PokeAPI/sprites/master/sprites/pokemon/29.png",
    "timestamp": "2025-06-07T19:21:53.900723"
  },
  {
    "pokemon": "nidorina",
    "sprite_url": "https://raw.githubusercontent.com/PokeAPI/sprites/master/sprites/pokemon/30.png",
    "timestamp": "2025-06-07T19:21:54.035216"
  },
  {
    "pokemon": "nidoqueen",
    "sprite_url": "https://raw.githubusercontent.com/PokeAPI/sprites/master/sprites/pokemon/31.png",
    "timestamp": "2025-06-07T19:21:54.167521"
  },
  {
    "pokemon": "nidoran-m",
    "sprite_url": "https://raw.githubusercontent.com/PokeAPI/sprites/master/sprites/pokemon/32.png",
    "timestamp": "2025-06-07T19:21:54.300770"
  },
  {
    "pokemon": "nidorino",
    "sprite_url": "https://raw.githubusercontent.com/PokeAPI/sprites/master/sprites/pokemon/33.png",
    "timestamp": "2025-06-07T19:21:54.431200"
  },
  {
    "pokemon": "nidoking",
    "sprite_url": "https://raw.githubusercontent.com/PokeAPI/sprites/master/sprites/pokemon/34.png",
    "timestamp": "2025-06-07T19:21:54.567747"
  },
  {
    "pokemon": "clefairy",
    "sprite_url": "https://raw.githubusercontent.com/PokeAPI/sprites/master/sprites/pokemon/35.png",
    "timestamp": "2025-06-07T19:21:54.707935"
  },
  {
    "pokemon": "clefable",
    "sprite_url": "https://raw.githubusercontent.com/PokeAPI/sprites/master/sprites/pokemon/36.png",
    "timestamp": "2025-06-07T19:21:54.851203"
  },
  {
    "pokemon": "vulpix",
    "sprite_url": "https://raw.githubusercontent.com/PokeAPI/sprites/master/sprites/pokemon/37.png",
    "timestamp": "2025-06-07T19:21:54.993461"
  },
  {
    "pokemon": "ninetales",
    "sprite_url": "https://raw.githubusercontent.com/PokeAPI/sprites/master/sprites/pokemon/38.png",
    "timestamp": "2025-06-07T19:21:55.144519"
  },
  {
    "pokemon": "jigglypuff",
    "sprite_url": "https://raw.githubusercontent.com/PokeAPI/sprites/master/sprites/pokemon/39.png",
    "timestamp": "2025-06-07T19:21:55.275316"
  },
  {
    "pokemon": "wigglytuff",
    "sprite_url": "https://raw.githubusercontent.com/PokeAPI/sprites/master/sprites/pokemon/40.png",
    "timestamp": "2025-06-07T19:21:55.428948"
  },
  {
    "pokemon": "zubat",
    "sprite_url": "https://raw.githubusercontent.com/PokeAPI/sprites/master/sprites/pokemon/41.png",
    "timestamp": "2025-06-07T19:21:55.561682"
  },
  {
    "pokemon": "golbat",
    "sprite_url": "https://raw.githubusercontent.com/PokeAPI/sprites/master/sprites/pokemon/42.png",
    "timestamp": "2025-06-07T19:21:55.700750"
  },
  {
    "pokemon": "oddish",
    "sprite_url": "https://raw.githubusercontent.com/PokeAPI/sprites/master/sprites/pokemon/43.png",
    "timestamp": "2025-06-07T19:21:55.877174"
  },
  {
    "pokemon": "gloom",
    "sprite_url": "https://raw.githubusercontent.com/PokeAPI/sprites/master/sprites/pokemon/44.png",
    "timestamp": "2025-06-07T19:21:56.023875"
  },
  {
    "pokemon": "vileplume",
    "sprite_url": "https://raw.githubusercontent.com/PokeAPI/sprites/master/sprites/pokemon/45.png",
    "timestamp": "2025-06-07T19:21:56.160763"
  },
  {
    "pokemon": "paras",
    "sprite_url": "https://raw.githubusercontent.com/PokeAPI/sprites/master/sprites/pokemon/46.png",
    "timestamp": "2025-06-07T19:21:56.307248"
  },
  {
    "pokemon": "parasect",
    "sprite_url": "https://raw.githubusercontent.com/PokeAPI/sprites/master/sprites/pokemon/47.png",
    "timestamp": "2025-06-07T19:21:56.441533"
  },
  {
    "pokemon": "venonat",
    "sprite_url": "https://raw.githubusercontent.com/PokeAPI/sprites/master/sprites/pokemon/48.png",
    "timestamp": "2025-06-07T19:21:56.585097"
  },
  {
    "pokemon": "venomoth",
    "sprite_url": "https://raw.githubusercontent.com/PokeAPI/sprites/master/sprites/pokemon/49.png",
    "timestamp": "2025-06-07T19:21:56.730557"
  },
  {
    "pokemon": "diglett",
    "sprite_url": "https://raw.githubusercontent.com/PokeAPI/sprites/master/sprites/pokemon/50.png",
    "timestamp": "2025-06-07T19:21:56.855915"
  },
  {
    "pokemon": "dugtrio",
    "sprite_url": "https://raw.githubusercontent.com/PokeAPI/sprites/master/sprites/pokemon/51.png",
    "timestamp": "2025-06-07T19:21:56.991350"
  },
  {
    "pokemon": "meowth",
    "sprite_url": "https://raw.githubusercontent.com/PokeAPI/sprites/master/sprites/pokemon/52.png",
    "timestamp": "2025-06-07T19:21:57.146183"
  },
  {
    "pokemon": "persian",
    "sprite_url": "https://raw.githubusercontent.com/PokeAPI/sprites/master/sprites/pokemon/53.png",
    "timestamp": "2025-06-07T19:21:57.301716"
  },
  {
    "pokemon": "psyduck",
    "sprite_url": "https://raw.githubusercontent.com/PokeAPI/sprites/master/sprites/pokemon/54.png",
    "timestamp": "2025-06-07T19:21:57.439518"
  },
  {
    "pokemon": "golduck",
    "sprite_url": "https://raw.githubusercontent.com/PokeAPI/sprites/master/sprites/pokemon/55.png",
    "timestamp": "2025-06-07T19:21:57.584057"
  },
  {
    "pokemon": "mankey",
    "sprite_url": "https://raw.githubusercontent.com/PokeAPI/sprites/master/sprites/pokemon/56.png",
    "timestamp": "2025-06-07T19:21:57.722260"
  },
  {
    "pokemon": "primeape",
    "sprite_url": "https://raw.githubusercontent.com/PokeAPI/sprites/master/sprites/pokemon/57.png",
    "timestamp": "2025-06-07T19:21:57.910420"
  },
  {
    "pokemon": "growlithe",
    "sprite_url": "https://raw.githubusercontent.com/PokeAPI/sprites/master/sprites/pokemon/58.png",
    "timestamp": "2025-06-07T19:21:58.043768"
  },
  {
    "pokemon": "arcanine",
    "sprite_url": "https://raw.githubusercontent.com/PokeAPI/sprites/master/sprites/pokemon/59.png",
    "timestamp": "2025-06-07T19:21:58.178051"
  },
  {
    "pokemon": "poliwag",
    "sprite_url": "https://raw.githubusercontent.com/PokeAPI/sprites/master/sprites/pokemon/60.png",
    "timestamp": "2025-06-07T19:21:58.324311"
  },
  {
    "pokemon": "poliwhirl",
    "sprite_url": "https://raw.githubusercontent.com/PokeAPI/sprites/master/sprites/pokemon/61.png",
    "timestamp": "2025-06-07T19:21:58.467533"
  },
  {
    "pokemon": "poliwrath",
    "sprite_url": "https://raw.githubusercontent.com/PokeAPI/sprites/master/sprites/pokemon/62.png",
    "timestamp": "2025-06-07T19:21:58.607703"
  },
  {
    "pokemon": "abra",
    "sprite_url": "https://raw.githubusercontent.com/PokeAPI/sprites/master/sprites/pokemon/63.png",
    "timestamp": "2025-06-07T19:21:58.755644"
  },
  {
    "pokemon": "kadabra",
    "sprite_url": "https://raw.githubusercontent.com/PokeAPI/sprites/master/sprites/pokemon/64.png",
    "timestamp": "2025-06-07T19:21:58.890898"
  },
  {
    "pokemon": "alakazam",
    "sprite_url": "https://raw.githubusercontent.com/PokeAPI/sprites/master/sprites/pokemon/65.png",
    "timestamp": "2025-06-07T19:21:59.034952"
  },
  {
    "pokemon": "machop",
    "sprite_url": "https://raw.githubusercontent.com/PokeAPI/sprites/master/sprites/pokemon/66.png",
    "timestamp": "2025-06-07T19:21:59.169061"
  },
  {
    "pokemon": "machoke",
    "sprite_url": "https://raw.githubusercontent.com/PokeAPI/sprites/master/sprites/pokemon/67.png",
    "timestamp": "2025-06-07T19:21:59.308577"
  },
  {
    "pokemon": "machamp",
    "sprite_url": "https://raw.githubusercontent.com/PokeAPI/sprites/master/sprites/pokemon/68.png",
    "timestamp": "2025-06-07T19:21:59.443247"
  },
  {
    "pokemon": "bellsprout",
    "sprite_url": "https://raw.githubusercontent.com/PokeAPI/sprites/master/sprites/pokemon/69.png",
    "timestamp": "2025-06-07T19:21:59.586107"
  },
  {
    "pokemon": "weepinbell",
    "sprite_url": "https://raw.githubusercontent.com/PokeAPI/sprites/master/sprites/pokemon/70.png",
    "timestamp": "2025-06-07T19:21:59.726501"
  },
  {
    "pokemon": "victreebel",
    "sprite_url": "https://raw.githubusercontent.com/PokeAPI/sprites/master/sprites/pokemon/71.png",
    "timestamp": "2025-06-07T19:21:59.865415"
  },
  {
    "pokemon": "tentacool",
    "sprite_url": "https://raw.githubusercontent.com/PokeAPI/sprites/master/sprites/pokemon/72.png",
    "timestamp": "2025-06-07T19:22:00.015088"
  },
  {
    "pokemon": "tentacruel",
    "sprite_url": "https://raw.githubusercontent.com/PokeAPI/sprites/master/sprites/pokemon/73.png",
    "timestamp": "2025-06-07T19:22:00.145775"
  },
  {
    "pokemon": "geodude",
    "sprite_url": "https://raw.githubusercontent.com/PokeAPI/sprites/master/sprites/pokemon/74.png",
    "timestamp": "2025-06-07T19:22:00.277252"
  },
  {
    "pokemon": "graveler",
    "sprite_url": "https://raw.githubusercontent.com/PokeAPI/sprites/master/sprites/pokemon/75.png",
    "timestamp": "2025-06-07T19:22:00.414164"
  },
  {
    "pokemon": "golem",
    "sprite_url": "https://raw.githubusercontent.com/PokeAPI/sprites/master/sprites/pokemon/76.png",
    "timestamp": "2025-06-07T19:22:00.542302"
  },
  {
    "pokemon": "ponyta",
    "sprite_url": "https://raw.githubusercontent.com/PokeAPI/sprites/master/sprites/pokemon/77.png",
    "timestamp": "2025-06-07T19:22:00.690600"
  },
  {
    "pokemon": "rapidash",
    "sprite_url": "https://raw.githubusercontent.com/PokeAPI/sprites/master/sprites/pokemon/78.png",
    "timestamp": "2025-06-07T19:22:00.829194"
  },
  {
    "pokemon": "slowpoke",
    "sprite_url": "https://raw.githubusercontent.com/PokeAPI/sprites/master/sprites/pokemon/79.png",
    "timestamp": "2025-06-07T19:22:00.981949"
  },
  {
    "pokemon": "slowbro",
    "sprite_url": "https://raw.githubusercontent.com/PokeAPI/sprites/master/sprites/pokemon/80.png",
    "timestamp": "2025-06-07T19:22:01.124217"
  },
  {
    "pokemon": "magnemite",
    "sprite_url": "https://raw.githubusercontent.com/PokeAPI/sprites/master/sprites/pokemon/81.png",
    "timestamp": "2025-06-07T19:22:01.268248"
  },
  {
    "pokemon": "magneton",
    "sprite_url": "https://raw.githubusercontent.com/PokeAPI/sprites/master/sprites/pokemon/82.png",
    "timestamp": "2025-06-07T19:22:01.404112"
  },
  {
    "pokemon": "farfetchd",
    "sprite_url": "https://raw.githubusercontent.com/PokeAPI/sprites/master/sprites/pokemon/83.png",
    "timestamp": "2025-06-07T19:22:01.547109"
  },
  {
    "pokemon": "doduo",
    "sprite_url": "https://raw.githubusercontent.com/PokeAPI/sprites/master/sprites/pokemon/84.png",
    "timestamp": "2025-06-07T19:22:01.679122"
  },
  {
    "pokemon": "dodrio",
    "sprite_url": "https://raw.githubusercontent.com/PokeAPI/sprites/master/sprites/pokemon/85.png",
    "timestamp": "2025-06-07T19:22:01.813998"
  },
  {
    "pokemon": "seel",
    "sprite_url": "https://raw.githubusercontent.com/PokeAPI/sprites/master/sprites/pokemon/86.png",
    "timestamp": "2025-06-07T19:22:01.944805"
  },
  {
    "pokemon": "dewgong",
    "sprite_url": "https://raw.githubusercontent.com/PokeAPI/sprites/master/sprites/pokemon/87.png",
    "timestamp": "2025-06-07T19:22:02.082442"
  },
  {
    "pokemon": "grimer",
    "sprite_url": "https://raw.githubusercontent.com/PokeAPI/sprites/master/sprites/pokemon/88.png",
    "timestamp": "2025-06-07T19:22:02.248696"
  },
  {
    "pokemon": "muk",
    "sprite_url": "https://raw.githubusercontent.com/PokeAPI/sprites/master/sprites/pokemon/89.png",
    "timestamp": "2025-06-07T19:22:02.380262"
  },
  {
    "pokemon": "shellder",
    "sprite_url": "https://raw.githubusercontent.com/PokeAPI/sprites/master/sprites/pokemon/90.png",
    "timestamp": "2025-06-07T19:22:02.513019"
  },
  {
    "pokemon": "cloyster",
    "sprite_url": "https://raw.githubusercontent.com/PokeAPI/sprites/master/sprites/pokemon/91.png",
    "timestamp": "2025-06-07T19:22:02.645965"
  },
  {
    "pokemon": "gastly",
    "sprite_url": "https://raw.githubusercontent.com/PokeAPI/sprites/master/sprites/pokemon/92.png",
    "timestamp": "2025-06-07T19:22:02.781339"
  },
  {
    "pokemon": "haunter",
    "sprite_url": "https://raw.githubusercontent.com/PokeAPI/sprites/master/sprites/pokemon/93.png",
    "timestamp": "2025-06-07T19:22:02.912357"
  },
  {
    "pokemon": "gengar",
    "sprite_url": "https://raw.githubusercontent.com/PokeAPI/sprites/master/sprites/pokemon/94.png",
    "timestamp": "2025-06-07T19:22:03.050134"
  },
  {
    "pokemon": "onix",
    "sprite_url": "https://raw.githubusercontent.com/PokeAPI/sprites/master/sprites/pokemon/95.png",
    "timestamp": "2025-06-07T19:22:03.193584"
  },
  {
    "pokemon": "drowzee",
    "sprite_url": "https://raw.githubusercontent.com/PokeAPI/sprites/master/sprites/pokemon/96.png",
    "timestamp": "2025-06-07T19:22:03.330044"
  },
  {
    "pokemon": "hypno",
    "sprite_url": "https://raw.githubusercontent.com/PokeAPI/sprites/master/sprites/pokemon/97.png",
    "timestamp": "2025-06-07T19:22:03.468521"
  },
  {
    "pokemon": "krabby",
    "sprite_url": "https://raw.githubusercontent.com/PokeAPI/sprites/master/sprites/pokemon/98.png",
    "timestamp": "2025-06-07T19:22:03.607000"
  },
  {
    "pokemon": "kingler",
    "sprite_url": "https://raw.githubusercontent.com/PokeAPI/sprites/master/sprites/pokemon/99.png",
    "timestamp": "2025-06-07T19:22:03.754374"
  },
  {
    "pokemon": "voltorb",
    "sprite_url": "https://raw.githubusercontent.com/PokeAPI/sprites/master/sprites/pokemon/100.png",
    "timestamp": "2025-06-07T19:22:03.899426"
  },
  {
    "pokemon": "electrode",
    "sprite_url": "https://raw.githubusercontent.com/PokeAPI/sprites/master/sprites/pokemon/101.png",
    "timestamp": "2025-06-07T19:22:04.028722"
  },
  {
    "pokemon": "exeggcute",
    "sprite_url": "https://raw.githubusercontent.com/PokeAPI/sprites/master/sprites/pokemon/102.png",
    "timestamp": "2025-06-07T19:22:04.181327"
  },
  {
    "pokemon": "exeggutor",
    "sprite_url": "https://raw.githubusercontent.com/PokeAPI/sprites/master/sprites/pokemon/103.png",
    "timestamp": "2025-06-07T19:22:04.314293"
  },
  {
    "pokemon": "cubone",
    "sprite_url": "https://raw.githubusercontent.com/PokeAPI/sprites/master/sprites/pokemon/104.png",
    "timestamp": "2025-06-07T19:22:04.444094"
  },
  {
    "pokemon": "marowak",
    "sprite_url": "https://raw.githubusercontent.com/PokeAPI/sprites/master/sprites/pokemon/105.png",
    "timestamp": "2025-06-07T19:22:04.604760"
  },
  {
    "pokemon": "hitmonlee",
    "sprite_url": "https://raw.githubusercontent.com/PokeAPI/sprites/master/sprites/pokemon/106.png",
    "timestamp": "2025-06-07T19:22:04.745398"
  },
  {
    "pokemon": "hitmonchan",
    "sprite_url": "https://raw.githubusercontent.com/PokeAPI/sprites/master/sprites/pokemon/107.png",
    "timestamp": "2025-06-07T19:22:04.877668"
  },
  {
    "pokemon": "lickitung",
    "sprite_url": "https://raw.githubusercontent.com/PokeAPI/sprites/master/sprites/pokemon/108.png",
    "timestamp": "2025-06-07T19:22:05.024594"
  },
  {
    "pokemon": "koffing",
    "sprite_url": "https://raw.githubusercontent.com/PokeAPI/sprites/master/sprites/pokemon/109.png",
    "timestamp": "2025-06-07T19:22:05.159178"
  },
  {
    "pokemon": "weezing",
    "sprite_url": "https://raw.githubusercontent.com/PokeAPI/sprites/master/sprites/pokemon/110.png",
    "timestamp": "2025-06-07T19:22:05.294473"
  },
  {
    "pokemon": "rhyhorn",
    "sprite_url": "https://raw.githubusercontent.com/PokeAPI/sprites/master/sprites/pokemon/111.png",
    "timestamp": "2025-06-07T19:22:05.430590"
  },
  {
    "pokemon": "rhydon",
    "sprite_url": "https://raw.githubusercontent.com/PokeAPI/sprites/master/sprites/pokemon/112.png",
    "timestamp": "2025-06-07T19:22:05.573501"
  },
  {
    "pokemon": "chansey",
    "sprite_url": "https://raw.githubusercontent.com/PokeAPI/sprites/master/sprites/pokemon/113.png",
    "timestamp": "2025-06-07T19:22:05.714154"
  },
  {
    "pokemon": "tangela",
    "sprite_url": "https://raw.githubusercontent.com/PokeAPI/sprites/master/sprites/pokemon/114.png",
    "timestamp": "2025-06-07T19:22:05.846149"
  },
  {
    "pokemon": "kangaskhan",
    "sprite_url": "https://raw.githubusercontent.com/PokeAPI/sprites/master/sprites/pokemon/115.png",
    "timestamp": "2025-06-07T19:22:05.991197"
  },
  {
    "pokemon": "horsea",
    "sprite_url": "https://raw.githubusercontent.com/PokeAPI/sprites/master/sprites/pokemon/116.png",
    "timestamp": "2025-06-07T19:22:06.159814"
  },
  {
    "pokemon": "seadra",
    "sprite_url": "https://raw.githubusercontent.com/PokeAPI/sprites/master/sprites/pokemon/117.png",
    "timestamp": "2025-06-07T19:22:06.296353"
  },
  {
    "pokemon": "goldeen",
    "sprite_url": "https://raw.githubusercontent.com/PokeAPI/sprites/master/sprites/pokemon/118.png",
    "timestamp": "2025-06-07T19:22:06.435246"
  },
  {
    "pokemon": "seaking",
    "sprite_url": "https://raw.githubusercontent.com/PokeAPI/sprites/master/sprites/pokemon/119.png",
    "timestamp": "2025-06-07T19:22:06.585956"
  },
  {
    "pokemon": "staryu",
    "sprite_url": "https://raw.githubusercontent.com/PokeAPI/sprites/master/sprites/pokemon/120.png",
    "timestamp": "2025-06-07T19:22:06.733717"
  },
  {
    "pokemon": "starmie",
    "sprite_url": "https://raw.githubusercontent.com/PokeAPI/sprites/master/sprites/pokemon/121.png",
    "timestamp": "2025-06-07T19:22:06.861957"
  },
  {
    "pokemon": "mr-mime",
    "sprite_url": "https://raw.githubusercontent.com/PokeAPI/sprites/master/sprites/pokemon/122.png",
    "timestamp": "2025-06-07T19:22:06.999263"
  },
  {
    "pokemon": "scyther",
    "sprite_url": "https://raw.githubusercontent.com/PokeAPI/sprites/master/sprites/pokemon/123.png",
    "timestamp": "2025-06-07T19:22:07.129854"
  },
  {
    "pokemon": "jynx",
    "sprite_url": "https://raw.githubusercontent.com/PokeAPI/sprites/master/sprites/pokemon/124.png",
    "timestamp": "2025-06-07T19:22:07.264417"
  },
  {
    "pokemon": "electabuzz",
    "sprite_url": "https://raw.githubusercontent.com/PokeAPI/sprites/master/sprites/pokemon/125.png",
    "timestamp": "2025-06-07T19:22:07.399190"
  },
  {
    "pokemon": "magmar",
    "sprite_url": "https://raw.githubusercontent.com/PokeAPI/sprites/master/sprites/pokemon/126.png",
    "timestamp": "2025-06-07T19:22:07.531225"
  },
  {
    "pokemon": "pinsir",
    "sprite_url": "https://raw.githubusercontent.com/PokeAPI/sprites/master/sprites/pokemon/127.png",
    "timestamp": "2025-06-07T19:22:07.663288"
  },
  {
    "pokemon": "tauros",
    "sprite_url": "https://raw.githubusercontent.com/PokeAPI/sprites/master/sprites/pokemon/128.png",
    "timestamp": "2025-06-07T19:22:07.805133"
  },
  {
    "pokemon": "magikarp",
    "sprite_url": "https://raw.githubusercontent.com/PokeAPI/sprites/master/sprites/pokemon/129.png",
    "timestamp": "2025-06-07T19:22:07.937518"
  },
  {
    "pokemon": "gyarados",
    "sprite_url": "https://raw.githubusercontent.com/PokeAPI/sprites/master/sprites/pokemon/130.png",
    "timestamp": "2025-06-07T19:22:08.090152"
  },
  {
    "pokemon": "lapras",
    "sprite_url": "https://raw.githubusercontent.com/PokeAPI/sprites/master/sprites/pokemon/131.png",
    "timestamp": "2025-06-07T19:22:08.239668"
  },
  {
    "pokemon": "ditto",
    "sprite_url": "https://raw.githubusercontent.com/PokeAPI/sprites/master/sprites/pokemon/132.png",
    "timestamp": "2025-06-07T19:22:08.377689"
  },
  {
    "pokemon": "eevee",
    "sprite_url": "https://raw.githubusercontent.com/PokeAPI/sprites/master/sprites/pokemon/133.png",
    "timestamp": "2025-06-07T19:22:08.551339"
  },
  {
    "pokemon": "vaporeon",
    "sprite_url": "https://raw.githubusercontent.com/PokeAPI/sprites/master/sprites/pokemon/134.png",
    "timestamp": "2025-06-07T19:22:08.698436"
  },
  {
    "pokemon": "jolteon",
    "sprite_url": "https://raw.githubusercontent.com/PokeAPI/sprites/master/sprites/pokemon/135.png",
    "timestamp": "2025-06-07T19:22:08.845785"
  },
  {
    "pokemon": "flareon",
    "sprite_url": "https://raw.githubusercontent.com/PokeAPI/sprites/master/sprites/pokemon/136.png",
    "timestamp": "2025-06-07T19:22:08.995943"
  },
  {
    "pokemon": "porygon",
    "sprite_url": "https://raw.githubusercontent.com/PokeAPI/sprites/master/sprites/pokemon/137.png",
    "timestamp": "2025-06-07T19:22:09.134556"
  },
  {
    "pokemon": "omanyte",
    "sprite_url": "https://raw.githubusercontent.com/PokeAPI/sprites/master/sprites/pokemon/138.png",
    "timestamp": "2025-06-07T19:22:09.280977"
  },
  {
    "pokemon": "omastar",
    "sprite_url": "https://raw.githubusercontent.com/PokeAPI/sprites/master/sprites/pokemon/139.png",
    "timestamp": "2025-06-07T19:22:09.424796"
  },
  {
    "pokemon": "kabuto",
    "sprite_url": "https://raw.githubusercontent.com/PokeAPI/sprites/master/sprites/pokemon/140.png",
    "timestamp": "2025-06-07T19:22:09.570590"
  },
  {
    "pokemon": "kabutops",
    "sprite_url": "https://raw.githubusercontent.com/PokeAPI/sprites/master/sprites/pokemon/141.png",
    "timestamp": "2025-06-07T19:22:09.715941"
  },
  {
    "pokemon": "aerodactyl",
    "sprite_url": "https://raw.githubusercontent.com/PokeAPI/sprites/master/sprites/pokemon/142.png",
    "timestamp": "2025-06-07T19:22:09.964186"
  },
  {
    "pokemon": "snorlax",
    "sprite_url": "https://raw.githubusercontent.com/PokeAPI/sprites/master/sprites/pokemon/143.png",
    "timestamp": "2025-06-07T19:22:10.111006"
  },
  {
    "pokemon": "articuno",
    "sprite_url": "https://raw.githubusercontent.com/PokeAPI/sprites/master/sprites/pokemon/144.png",
    "timestamp": "2025-06-07T19:22:10.265549"
  },
  {
    "pokemon": "zapdos",
    "sprite_url": "https://raw.githubusercontent.com/PokeAPI/sprites/master/sprites/pokemon/145.png",
    "timestamp": "2025-06-07T19:22:10.390032"
  },
  {
    "pokemon": "moltres",
    "sprite_url": "https://raw.githubusercontent.com/PokeAPI/sprites/master/sprites/pokemon/146.png",
    "timestamp": "2025-06-07T19:22:10.538950"
  },
  {
    "pokemon": "dratini",
    "sprite_url": "https://raw.githubusercontent.com/PokeAPI/sprites/master/sprites/pokemon/147.png",
    "timestamp": "2025-06-07T19:22:10.691090"
  },
  {
    "pokemon": "dragonair",
    "sprite_url": "https://raw.githubusercontent.com/PokeAPI/sprites/master/sprites/pokemon/148.png",
    "timestamp": "2025-06-07T19:22:10.820780"
  },
  {
    "pokemon": "dragonite",
    "sprite_url": "https://raw.githubusercontent.com/PokeAPI/sprites/master/sprites/pokemon/149.png",
    "timestamp": "2025-06-07T19:22:11.002788"
  },
  {
    "pokemon": "mewtwo",
    "sprite_url": "https://raw.githubusercontent.com/PokeAPI/sprites/master/sprites/pokemon/150.png",
    "timestamp": "2025-06-07T19:22:11.149840"
  },
  {
    "pokemon": "mew",
    "sprite_url": "https://raw.githubusercontent.com/PokeAPI/sprites/master/sprites/pokemon/151.png",
    "timestamp": "2025-06-07T19:22:11.309613"
  },
  {
    "pokemon": "chikorita",
    "sprite_url": "https://raw.githubusercontent.com/PokeAPI/sprites/master/sprites/pokemon/152.png",
    "timestamp": "2025-06-07T19:22:11.449919"
  },
  {
    "pokemon": "bayleef",
    "sprite_url": "https://raw.githubusercontent.com/PokeAPI/sprites/master/sprites/pokemon/153.png",
    "timestamp": "2025-06-07T19:22:11.594224"
  },
  {
    "pokemon": "meganium",
    "sprite_url": "https://raw.githubusercontent.com/PokeAPI/sprites/master/sprites/pokemon/154.png",
    "timestamp": "2025-06-07T19:22:11.741783"
  },
  {
    "pokemon": "cyndaquil",
    "sprite_url": "https://raw.githubusercontent.com/PokeAPI/sprites/master/sprites/pokemon/155.png",
    "timestamp": "2025-06-07T19:22:11.888132"
  },
  {
    "pokemon": "quilava",
    "sprite_url": "https://raw.githubusercontent.com/PokeAPI/sprites/master/sprites/pokemon/156.png",
    "timestamp": "2025-06-07T19:22:12.023180"
  },
  {
    "pokemon": "typhlosion",
    "sprite_url": "https://raw.githubusercontent.com/PokeAPI/sprites/master/sprites/pokemon/157.png",
    "timestamp": "2025-06-07T19:22:12.228247"
  },
  {
    "pokemon": "totodile",
    "sprite_url": "https://raw.githubusercontent.com/PokeAPI/sprites/master/sprites/pokemon/158.png",
    "timestamp": "2025-06-07T19:22:12.357834"
  },
  {
    "pokemon": "croconaw",
    "sprite_url": "https://raw.githubusercontent.com/PokeAPI/sprites/master/sprites/pokemon/159.png",
    "timestamp": "2025-06-07T19:22:12.514635"
  },
  {
    "pokemon": "feraligatr",
    "sprite_url": "https://raw.githubusercontent.com/PokeAPI/sprites/master/sprites/pokemon/160.png",
    "timestamp": "2025-06-07T19:22:12.657283"
  },
  {
    "pokemon": "sentret",
    "sprite_url": "https://raw.githubusercontent.com/PokeAPI/sprites/master/sprites/pokemon/161.png",
    "timestamp": "2025-06-07T19:22:12.806518"
  },
  {
    "pokemon": "furret",
    "sprite_url": "https://raw.githubusercontent.com/PokeAPI/sprites/master/sprites/pokemon/162.png",
    "timestamp": "2025-06-07T19:22:12.945389"
  },
  {
    "pokemon": "hoothoot",
    "sprite_url": "https://raw.githubusercontent.com/PokeAPI/sprites/master/sprites/pokemon/163.png",
    "timestamp": "2025-06-07T19:22:13.099192"
  },
  {
    "pokemon": "noctowl",
    "sprite_url": "https://raw.githubusercontent.com/PokeAPI/sprites/master/sprites/pokemon/164.png",
    "timestamp": "2025-06-07T19:22:13.236052"
  },
  {
    "pokemon": "ledyba",
    "sprite_url": "https://raw.githubusercontent.com/PokeAPI/sprites/master/sprites/pokemon/165.png",
    "timestamp": "2025-06-07T19:22:13.380422"
  },
  {
    "pokemon": "ledian",
    "sprite_url": "https://raw.githubusercontent.com/PokeAPI/sprites/master/sprites/pokemon/166.png",
    "timestamp": "2025-06-07T19:22:13.522157"
  },
  {
    "pokemon": "spinarak",
    "sprite_url": "https://raw.githubusercontent.com/PokeAPI/sprites/master/sprites/pokemon/167.png",
    "timestamp": "2025-06-07T19:22:13.659389"
  },
  {
    "pokemon": "ariados",
    "sprite_url": "https://raw.githubusercontent.com/PokeAPI/sprites/master/sprites/pokemon/168.png",
    "timestamp": "2025-06-07T19:22:13.810803"
  },
  {
    "pokemon": "crobat",
    "sprite_url": "https://raw.githubusercontent.com/PokeAPI/sprites/master/sprites/pokemon/169.png",
    "timestamp": "2025-06-07T19:22:13.978120"
  },
  {
    "pokemon": "chinchou",
    "sprite_url": "https://raw.githubusercontent.com/PokeAPI/sprites/master/sprites/pokemon/170.png",
    "timestamp": "2025-06-07T19:22:14.108522"
  },
  {
    "pokemon": "lanturn",
    "sprite_url": "https://raw.githubusercontent.com/PokeAPI/sprites/master/sprites/pokemon/171.png",
    "timestamp": "2025-06-07T19:22:14.263237"
  },
  {
    "pokemon": "pichu",
    "sprite_url": "https://raw.githubusercontent.com/PokeAPI/sprites/master/sprites/pokemon/172.png",
    "timestamp": "2025-06-07T19:22:14.402789"
  },
  {
    "pokemon": "cleffa",
    "sprite_url": "https://raw.githubusercontent.com/PokeAPI/sprites/master/sprites/pokemon/173.png",
    "timestamp": "2025-06-07T19:22:14.548946"
  },
  {
    "pokemon": "igglybuff",
    "sprite_url": "https://raw.githubusercontent.com/PokeAPI/sprites/master/sprites/pokemon/174.png",
    "timestamp": "2025-06-07T19:22:14.747815"
  },
  {
    "pokemon": "togepi",
    "sprite_url": "https://raw.githubusercontent.com/PokeAPI/sprites/master/sprites/pokemon/175.png",
    "timestamp": "2025-06-07T19:22:14.886701"
  },
  {
    "pokemon": "togetic",
    "sprite_url": "https://raw.githubusercontent.com/PokeAPI/sprites/master/sprites/pokemon/176.png",
    "timestamp": "2025-06-07T19:22:15.031438"
  },
  {
    "pokemon": "natu",
    "sprite_url": "https://raw.githubusercontent.com/PokeAPI/sprites/master/sprites/pokemon/177.png",
    "timestamp": "2025-06-07T19:22:15.175316"
  },
  {
    "pokemon": "xatu",
    "sprite_url": "https://raw.githubusercontent.com/PokeAPI/sprites/master/sprites/pokemon/178.png",
    "timestamp": "2025-06-07T19:22:15.316045"
  },
  {
    "pokemon": "mareep",
    "sprite_url": "https://raw.githubusercontent.com/PokeAPI/sprites/master/sprites/pokemon/179.png",
    "timestamp": "2025-06-07T19:22:15.516637"
  },
  {
    "pokemon": "flaaffy",
    "sprite_url": "https://raw.githubusercontent.com/PokeAPI/sprites/master/sprites/pokemon/180.png",
    "timestamp": "2025-06-07T19:22:15.742936"
  },
  {
    "pokemon": "ampharos",
    "sprite_url": "https://raw.githubusercontent.com/PokeAPI/sprites/master/sprites/pokemon/181.png",
    "timestamp": "2025-06-07T19:22:15.878727"
  },
  {
    "pokemon": "bellossom",
    "sprite_url": "https://raw.githubusercontent.com/PokeAPI/sprites/master/sprites/pokemon/182.png",
    "timestamp": "2025-06-07T19:22:16.026143"
  },
  {
    "pokemon": "marill",
    "sprite_url": "https://raw.githubusercontent.com/PokeAPI/sprites/master/sprites/pokemon/183.png",
    "timestamp": "2025-06-07T19:22:16.174256"
  },
  {
    "pokemon": "azumarill",
    "sprite_url": "https://raw.githubusercontent.com/PokeAPI/sprites/master/sprites/pokemon/184.png",
    "timestamp": "2025-06-07T19:22:16.346918"
  },
  {
    "pokemon": "sudowoodo",
    "sprite_url": "https://raw.githubusercontent.com/PokeAPI/sprites/master/sprites/pokemon/185.png",
    "timestamp": "2025-06-07T19:22:16.492421"
  },
  {
    "pokemon": "politoed",
    "sprite_url": "https://raw.githubusercontent.com/PokeAPI/sprites/master/sprites/pokemon/186.png",
    "timestamp": "2025-06-07T19:22:16.763427"
  },
  {
    "pokemon": "hoppip",
    "sprite_url": "https://raw.githubusercontent.com/PokeAPI/sprites/master/sprites/pokemon/187.png",
    "timestamp": "2025-06-07T19:22:16.907606"
  },
  {
    "pokemon": "skiploom",
    "sprite_url": "https://raw.githubusercontent.com/PokeAPI/sprites/master/sprites/pokemon/188.png",
    "timestamp": "2025-06-07T19:22:17.053139"
  },
  {
    "pokemon": "jumpluff",
    "sprite_url": "https://raw.githubusercontent.com/PokeAPI/sprites/master/sprites/pokemon/189.png",
    "timestamp": "2025-06-07T19:22:17.193774"
  },
  {
    "pokemon": "aipom",
    "sprite_url": "https://raw.githubusercontent.com/PokeAPI/sprites/master/sprites/pokemon/190.png",
    "timestamp": "2025-06-07T19:22:17.342108"
  },
  {
    "pokemon": "sunkern",
    "sprite_url": "https://raw.githubusercontent.com/PokeAPI/sprites/master/sprites/pokemon/191.png",
    "timestamp": "2025-06-07T19:22:17.479951"
  },
  {
    "pokemon": "sunflora",
    "sprite_url": "https://raw.githubusercontent.com/PokeAPI/sprites/master/sprites/pokemon/192.png",
    "timestamp": "2025-06-07T19:22:17.639521"
  },
  {
    "pokemon": "yanma",
    "sprite_url": "https://raw.githubusercontent.com/PokeAPI/sprites/master/sprites/pokemon/193.png",
    "timestamp": "2025-06-07T19:22:17.792734"
  },
  {
    "pokemon": "wooper",
    "sprite_url": "https://raw.githubusercontent.com/PokeAPI/sprites/master/sprites/pokemon/194.png",
    "timestamp": "2025-06-07T19:22:17.944115"
  },
  {
    "pokemon": "quagsire",
    "sprite_url": "https://raw.githubusercontent.com/PokeAPI/sprites/master/sprites/pokemon/195.png",
    "timestamp": "2025-06-07T19:22:18.079571"
  },
  {
    "pokemon": "espeon",
    "sprite_url": "https://raw.githubusercontent.com/PokeAPI/sprites/master/sprites/pokemon/196.png",
    "timestamp": "2025-06-07T19:22:18.239341"
  },
  {
    "pokemon": "umbreon",
    "sprite_url": "https://raw.githubusercontent.com/PokeAPI/sprites/master/sprites/pokemon/197.png",
    "timestamp": "2025-06-07T19:22:18.380282"
  },
  {
    "pokemon": "murkrow",
    "sprite_url": "https://raw.githubusercontent.com/PokeAPI/sprites/master/sprites/pokemon/198.png",
    "timestamp": "2025-06-07T19:22:18.527137"
  },
  {
    "pokemon": "slowking",
    "sprite_url": "https://raw.githubusercontent.com/PokeAPI/sprites/master/sprites/pokemon/199.png",
    "timestamp": "2025-06-07T19:22:18.676916"
  },
  {
    "pokemon": "misdreavus",
    "sprite_url": "https://raw.githubusercontent.com/PokeAPI/sprites/master/sprites/pokemon/200.png",
    "timestamp": "2025-06-07T19:22:18.818270"
  },
  {
    "pokemon": "unown",
    "sprite_url": "https://raw.githubusercontent.com/PokeAPI/sprites/master/sprites/pokemon/201.png",
    "timestamp": "2025-06-07T19:22:18.953124"
  },
  {
    "pokemon": "wobbuffet",
    "sprite_url": "https://raw.githubusercontent.com/PokeAPI/sprites/master/sprites/pokemon/202.png",
    "timestamp": "2025-06-07T19:22:19.093207"
  },
  {
    "pokemon": "girafarig",
    "sprite_url": "https://raw.githubusercontent.com/PokeAPI/sprites/master/sprites/pokemon/203.png",
    "timestamp": "2025-06-07T19:22:19.237233"
  },
  {
    "pokemon": "pineco",
    "sprite_url": "https://raw.githubusercontent.com/PokeAPI/sprites/master/sprites/pokemon/204.png",
    "timestamp": "2025-06-07T19:22:19.381224"
  },
  {
    "pokemon": "forretress",
    "sprite_url": "https://raw.githubusercontent.com/PokeAPI/sprites/master/sprites/pokemon/205.png",
    "timestamp": "2025-06-07T19:22:19.527735"
  },
  {
    "pokemon": "dunsparce",
    "sprite_url": "https://raw.githubusercontent.com/PokeAPI/sprites/master/sprites/pokemon/206.png",
    "timestamp": "2025-06-07T19:22:19.673536"
  },
  {
    "pokemon": "gligar",
    "sprite_url": "https://raw.githubusercontent.com/PokeAPI/sprites/master/sprites/pokemon/207.png",
    "timestamp": "2025-06-07T19:22:19.822857"
  },
  {
    "pokemon": "steelix",
    "sprite_url": "https://raw.githubusercontent.com/PokeAPI/sprites/master/sprites/pokemon/208.png",
    "timestamp": "2025-06-07T19:22:19.967351"
  },
  {
    "pokemon": "snubbull",
    "sprite_url": "https://raw.githubusercontent.com/PokeAPI/sprites/master/sprites/pokemon/209.png",
    "timestamp": "2025-06-07T19:22:20.148040"
  },
  {
    "pokemon": "granbull",
    "sprite_url": "https://raw.githubusercontent.com/PokeAPI/sprites/master/sprites/pokemon/210.png",
    "timestamp": "2025-06-07T19:22:20.309020"
  },
  {
    "pokemon": "qwilfish",
    "sprite_url": "https://raw.githubusercontent.com/PokeAPI/sprites/master/sprites/pokemon/211.png",
    "timestamp": "2025-06-07T19:22:20.457369"
  },
  {
    "pokemon": "scizor",
    "sprite_url": "https://raw.githubusercontent.com/PokeAPI/sprites/master/sprites/pokemon/212.png",
    "timestamp": "2025-06-07T19:22:20.603982"
  },
  {
    "pokemon": "shuckle",
    "sprite_url": "https://raw.githubusercontent.com/PokeAPI/sprites/master/sprites/pokemon/213.png",
    "timestamp": "2025-06-07T19:22:20.756139"
  },
  {
    "pokemon": "heracross",
    "sprite_url": "https://raw.githubusercontent.com/PokeAPI/sprites/master/sprites/pokemon/214.png",
    "timestamp": "2025-06-07T19:22:20.956501"
  },
  {
    "pokemon": "sneasel",
    "sprite_url": "https://raw.githubusercontent.com/PokeAPI/sprites/master/sprites/pokemon/215.png",
    "timestamp": "2025-06-07T19:22:21.109445"
  },
  {
    "pokemon": "teddiursa",
    "sprite_url": "https://raw.githubusercontent.com/PokeAPI/sprites/master/sprites/pokemon/216.png",
    "timestamp": "2025-06-07T19:22:21.341925"
  },
  {
    "pokemon": "ursaring",
    "sprite_url": "https://raw.githubusercontent.com/PokeAPI/sprites/master/sprites/pokemon/217.png",
    "timestamp": "2025-06-07T19:22:21.476979"
  },
  {
    "pokemon": "slugma",
    "sprite_url": "https://raw.githubusercontent.com/PokeAPI/sprites/master/sprites/pokemon/218.png",
    "timestamp": "2025-06-07T19:22:21.680585"
  },
  {
    "pokemon": "magcargo",
    "sprite_url": "https://raw.githubusercontent.com/PokeAPI/sprites/master/sprites/pokemon/219.png",
    "timestamp": "2025-06-07T19:22:21.816889"
  },
  {
    "pokemon": "swinub",
    "sprite_url": "https://raw.githubusercontent.com/PokeAPI/sprites/master/sprites/pokemon/220.png",
    "timestamp": "2025-06-07T19:22:21.957655"
  },
  {
    "pokemon": "piloswine",
    "sprite_url": "https://raw.githubusercontent.com/PokeAPI/sprites/master/sprites/pokemon/221.png",
    "timestamp": "2025-06-07T19:22:22.100187"
  },
  {
    "pokemon": "corsola",
    "sprite_url": "https://raw.githubusercontent.com/PokeAPI/sprites/master/sprites/pokemon/222.png",
    "timestamp": "2025-06-07T19:22:22.253117"
  },
  {
    "pokemon": "remoraid",
    "sprite_url": "https://raw.githubusercontent.com/PokeAPI/sprites/master/sprites/pokemon/223.png",
    "timestamp": "2025-06-07T19:22:22.406554"
  },
  {
    "pokemon": "octillery",
    "sprite_url": "https://raw.githubusercontent.com/PokeAPI/sprites/master/sprites/pokemon/224.png",
    "timestamp": "2025-06-07T19:22:22.775794"
  },
  {
    "pokemon": "delibird",
    "sprite_url": "https://raw.githubusercontent.com/PokeAPI/sprites/master/sprites/pokemon/225.png",
    "timestamp": "2025-06-07T19:22:22.908127"
  },
  {
    "pokemon": "mantine",
    "sprite_url": "https://raw.githubusercontent.com/PokeAPI/sprites/master/sprites/pokemon/226.png",
    "timestamp": "2025-06-07T19:22:23.065596"
  },
  {
    "pokemon": "skarmory",
    "sprite_url": "https://raw.githubusercontent.com/PokeAPI/sprites/master/sprites/pokemon/227.png",
    "timestamp": "2025-06-07T19:22:23.209667"
  },
  {
    "pokemon": "houndour",
    "sprite_url": "https://raw.githubusercontent.com/PokeAPI/sprites/master/sprites/pokemon/228.png",
    "timestamp": "2025-06-07T19:22:23.347595"
  },
  {
    "pokemon": "houndoom",
    "sprite_url": "https://raw.githubusercontent.com/PokeAPI/sprites/master/sprites/pokemon/229.png",
    "timestamp": "2025-06-07T19:22:23.496742"
  },
  {
    "pokemon": "kingdra",
    "sprite_url": "https://raw.githubusercontent.com/PokeAPI/sprites/master/sprites/pokemon/230.png",
    "timestamp": "2025-06-07T19:22:23.863471"
  },
  {
    "pokemon": "phanpy",
    "sprite_url": "https://raw.githubusercontent.com/PokeAPI/sprites/master/sprites/pokemon/231.png",
    "timestamp": "2025-06-07T19:22:24.021486"
  },
  {
    "pokemon": "donphan",
    "sprite_url": "https://raw.githubusercontent.com/PokeAPI/sprites/master/sprites/pokemon/232.png",
    "timestamp": "2025-06-07T19:22:24.175320"
  },
  {
    "pokemon": "porygon2",
    "sprite_url": "https://raw.githubusercontent.com/PokeAPI/sprites/master/sprites/pokemon/233.png",
    "timestamp": "2025-06-07T19:22:24.322727"
  },
  {
    "pokemon": "stantler",
    "sprite_url": "https://raw.githubusercontent.com/PokeAPI/sprites/master/sprites/pokemon/234.png",
    "timestamp": "2025-06-07T19:22:24.489372"
  },
  {
    "pokemon": "smeargle",
    "sprite_url": "https://raw.githubusercontent.com/PokeAPI/sprites/master/sprites/pokemon/235.png",
    "timestamp": "2025-06-07T19:22:24.623708"
  },
  {
    "pokemon": "tyrogue",
    "sprite_url": "https://raw.githubusercontent.com/PokeAPI/sprites/master/sprites/pokemon/236.png",
    "timestamp": "2025-06-07T19:22:24.774329"
  },
  {
    "pokemon": "hitmontop",
    "sprite_url": "https://raw.githubusercontent.com/PokeAPI/sprites/master/sprites/pokemon/237.png",
    "timestamp": "2025-06-07T19:22:24.916000"
  },
  {
    "pokemon": "smoochum",
    "sprite_url": "https://raw.githubusercontent.com/PokeAPI/sprites/master/sprites/pokemon/238.png",
    "timestamp": "2025-06-07T19:22:25.062722"
  },
  {
    "pokemon": "elekid",
    "sprite_url": "https://raw.githubusercontent.com/PokeAPI/sprites/master/sprites/pokemon/239.png",
    "timestamp": "2025-06-07T19:22:25.203109"
  },
  {
    "pokemon": "magby",
    "sprite_url": "https://raw.githubusercontent.com/PokeAPI/sprites/master/sprites/pokemon/240.png",
    "timestamp": "2025-06-07T19:22:25.342574"
  },
  {
    "pokemon": "miltank",
    "sprite_url": "https://raw.githubusercontent.com/PokeAPI/sprites/master/sprites/pokemon/241.png",
    "timestamp": "2025-06-07T19:22:25.497385"
  },
  {
    "pokemon": "blissey",
    "sprite_url": "https://raw.githubusercontent.com/PokeAPI/sprites/master/sprites/pokemon/242.png",
    "timestamp": "2025-06-07T19:22:25.649071"
  },
  {
    "pokemon": "raikou",
    "sprite_url": "https://raw.githubusercontent.com/PokeAPI/sprites/master/sprites/pokemon/243.png",
    "timestamp": "2025-06-07T19:22:25.805511"
  },
  {
    "pokemon": "entei",
    "sprite_url": "https://raw.githubusercontent.com/PokeAPI/sprites/master/sprites/pokemon/244.png",
    "timestamp": "2025-06-07T19:22:25.960748"
  },
  {
    "pokemon": "suicune",
    "sprite_url": "https://raw.githubusercontent.com/PokeAPI/sprites/master/sprites/pokemon/245.png",
    "timestamp": "2025-06-07T19:22:26.104053"
  },
  {
    "pokemon": "larvitar",
    "sprite_url": "https://raw.githubusercontent.com/PokeAPI/sprites/master/sprites/pokemon/246.png",
    "timestamp": "2025-06-07T19:22:26.245097"
  },
  {
    "pokemon": "pupitar",
    "sprite_url": "https://raw.githubusercontent.com/PokeAPI/sprites/master/sprites/pokemon/247.png",
    "timestamp": "2025-06-07T19:22:26.435219"
  },
  {
    "pokemon": "tyranitar",
    "sprite_url": "https://raw.githubusercontent.com/PokeAPI/sprites/master/sprites/pokemon/248.png",
    "timestamp": "2025-06-07T19:22:26.580401"
  },
  {
    "pokemon": "lugia",
    "sprite_url": "https://raw.githubusercontent.com/PokeAPI/sprites/master/sprites/pokemon/249.png",
    "timestamp": "2025-06-07T19:22:26.729266"
  },
  {
    "pokemon": "ho-oh",
    "sprite_url": "https://raw.githubusercontent.com/PokeAPI/sprites/master/sprites/pokemon/250.png",
    "timestamp": "2025-06-07T19:22:26.878174"
  },
  {
    "pokemon": "celebi",
    "sprite_url": "https://raw.githubusercontent.com/PokeAPI/sprites/master/sprites/pokemon/251.png",
    "timestamp": "2025-06-07T19:22:27.023136"
  },
  {
    "pokemon": "treecko",
    "sprite_url": "https://raw.githubusercontent.com/PokeAPI/sprites/master/sprites/pokemon/252.png",
    "timestamp": "2025-06-07T19:22:27.166949"
  },
  {
    "pokemon": "grovyle",
    "sprite_url": "https://raw.githubusercontent.com/PokeAPI/sprites/master/sprites/pokemon/253.png",
    "timestamp": "2025-06-07T19:22:27.317164"
  },
  {
    "pokemon": "sceptile",
    "sprite_url": "https://raw.githubusercontent.com/PokeAPI/sprites/master/sprites/pokemon/254.png",
    "timestamp": "2025-06-07T19:22:27.461480"
  },
  {
    "pokemon": "torchic",
    "sprite_url": "https://raw.githubusercontent.com/PokeAPI/sprites/master/sprites/pokemon/255.png",
    "timestamp": "2025-06-07T19:22:27.678407"
  },
  {
    "pokemon": "combusken",
    "sprite_url": "https://raw.githubusercontent.com/PokeAPI/sprites/master/sprites/pokemon/256.png",
    "timestamp": "2025-06-07T19:22:27.829507"
  },
  {
    "pokemon": "blaziken",
    "sprite_url": "https://raw.githubusercontent.com/PokeAPI/sprites/master/sprites/pokemon/257.png",
    "timestamp": "2025-06-07T19:22:28.020833"
  },
  {
    "pokemon": "mudkip",
    "sprite_url": "https://raw.githubusercontent.com/PokeAPI/sprites/master/sprites/pokemon/258.png",
    "timestamp": "2025-06-07T19:22:28.196323"
  },
  {
    "pokemon": "marshtomp",
    "sprite_url": "https://raw.githubusercontent.com/PokeAPI/sprites/master/sprites/pokemon/259.png",
    "timestamp": "2025-06-07T19:22:28.432068"
  },
  {
    "pokemon": "swampert",
    "sprite_url": "https://raw.githubusercontent.com/PokeAPI/sprites/master/sprites/pokemon/260.png",
    "timestamp": "2025-06-07T19:22:28.677262"
  },
  {
    "pokemon": "poochyena",
    "sprite_url": "https://raw.githubusercontent.com/PokeAPI/sprites/master/sprites/pokemon/261.png",
    "timestamp": "2025-06-07T19:22:28.841028"
  },
  {
    "pokemon": "mightyena",
    "sprite_url": "https://raw.githubusercontent.com/PokeAPI/sprites/master/sprites/pokemon/262.png",
    "timestamp": "2025-06-07T19:22:28.985975"
  },
  {
    "pokemon": "zigzagoon",
    "sprite_url": "https://raw.githubusercontent.com/PokeAPI/sprites/master/sprites/pokemon/263.png",
    "timestamp": "2025-06-07T19:22:29.197247"
  },
  {
    "pokemon": "linoone",
    "sprite_url": "https://raw.githubusercontent.com/PokeAPI/sprites/master/sprites/pokemon/264.png",
    "timestamp": "2025-06-07T19:22:29.388927"
  },
  {
    "pokemon": "wurmple",
    "sprite_url": "https://raw.githubusercontent.com/PokeAPI/sprites/master/sprites/pokemon/265.png",
    "timestamp": "2025-06-07T19:22:29.525986"
  },
  {
    "pokemon": "silcoon",
    "sprite_url": "https://raw.githubusercontent.com/PokeAPI/sprites/master/sprites/pokemon/266.png",
    "timestamp": "2025-06-07T19:22:29.680249"
  },
  {
    "pokemon": "beautifly",
    "sprite_url": "https://raw.githubusercontent.com/PokeAPI/sprites/master/sprites/pokemon/267.png",
    "timestamp": "2025-06-07T19:22:29.846246"
  },
  {
    "pokemon": "cascoon",
    "sprite_url": "https://raw.githubusercontent.com/PokeAPI/sprites/master/sprites/pokemon/268.png",
    "timestamp": "2025-06-07T19:22:29.993103"
  },
  {
    "pokemon": "dustox",
    "sprite_url": "https://raw.githubusercontent.com/PokeAPI/sprites/master/sprites/pokemon/269.png",
    "timestamp": "2025-06-07T19:22:30.139417"
  },
  {
    "pokemon": "lotad",
    "sprite_url": "https://raw.githubusercontent.com/PokeAPI/sprites/master/sprites/pokemon/270.png",
    "timestamp": "2025-06-07T19:22:30.314133"
  },
  {
    "pokemon": "lombre",
    "sprite_url": "https://raw.githubusercontent.com/PokeAPI/sprites/master/sprites/pokemon/271.png",
    "timestamp": "2025-06-07T19:22:30.530985"
  },
  {
    "pokemon": "ludicolo",
    "sprite_url": "https://raw.githubusercontent.com/PokeAPI/sprites/master/sprites/pokemon/272.png",
    "timestamp": "2025-06-07T19:22:30.690396"
  },
  {
    "pokemon": "seedot",
    "sprite_url": "https://raw.githubusercontent.com/PokeAPI/sprites/master/sprites/pokemon/273.png",
    "timestamp": "2025-06-07T19:22:30.824671"
  },
  {
    "pokemon": "nuzleaf",
    "sprite_url": "https://raw.githubusercontent.com/PokeAPI/sprites/master/sprites/pokemon/274.png",
    "timestamp": "2025-06-07T19:22:31.014000"
  },
  {
    "pokemon": "shiftry",
    "sprite_url": "https://raw.githubusercontent.com/PokeAPI/sprites/master/sprites/pokemon/275.png",
    "timestamp": "2025-06-07T19:22:31.157740"
  },
  {
    "pokemon": "taillow",
    "sprite_url": "https://raw.githubusercontent.com/PokeAPI/sprites/master/sprites/pokemon/276.png",
    "timestamp": "2025-06-07T19:22:31.307519"
  },
  {
    "pokemon": "swellow",
    "sprite_url": "https://raw.githubusercontent.com/PokeAPI/sprites/master/sprites/pokemon/277.png",
    "timestamp": "2025-06-07T19:22:31.441378"
  },
  {
    "pokemon": "wingull",
    "sprite_url": "https://raw.githubusercontent.com/PokeAPI/sprites/master/sprites/pokemon/278.png",
    "timestamp": "2025-06-07T19:22:31.581691"
  },
  {
    "pokemon": "pelipper",
    "sprite_url": "https://raw.githubusercontent.com/PokeAPI/sprites/master/sprites/pokemon/279.png",
    "timestamp": "2025-06-07T19:22:31.729895"
  },
  {
    "pokemon": "ralts",
    "sprite_url": "https://raw.githubusercontent.com/PokeAPI/sprites/master/sprites/pokemon/280.png",
    "timestamp": "2025-06-07T19:22:31.873253"
  },
  {
    "pokemon": "kirlia",
    "sprite_url": "https://raw.githubusercontent.com/PokeAPI/sprites/master/sprites/pokemon/281.png",
    "timestamp": "2025-06-07T19:22:32.013513"
  },
  {
    "pokemon": "gardevoir",
    "sprite_url": "https://raw.githubusercontent.com/PokeAPI/sprites/master/sprites/pokemon/282.png",
    "timestamp": "2025-06-07T19:22:32.152146"
  },
  {
    "pokemon": "surskit",
    "sprite_url": "https://raw.githubusercontent.com/PokeAPI/sprites/master/sprites/pokemon/283.png",
    "timestamp": "2025-06-07T19:22:32.296216"
  },
  {
    "pokemon": "masquerain",
    "sprite_url": "https://raw.githubusercontent.com/PokeAPI/sprites/master/sprites/pokemon/284.png",
    "timestamp": "2025-06-07T19:22:32.490749"
  },
  {
    "pokemon": "shroomish",
    "sprite_url": "https://raw.githubusercontent.com/PokeAPI/sprites/master/sprites/pokemon/285.png",
    "timestamp": "2025-06-07T19:22:32.638496"
  },
  {
    "pokemon": "breloom",
    "sprite_url": "https://raw.githubusercontent.com/PokeAPI/sprites/master/sprites/pokemon/286.png",
    "timestamp": "2025-06-07T19:22:32.784322"
  },
  {
    "pokemon": "slakoth",
    "sprite_url": "https://raw.githubusercontent.com/PokeAPI/sprites/master/sprites/pokemon/287.png",
    "timestamp": "2025-06-07T19:22:32.927430"
  },
  {
    "pokemon": "vigoroth",
    "sprite_url": "https://raw.githubusercontent.com/PokeAPI/sprites/master/sprites/pokemon/288.png",
    "timestamp": "2025-06-07T19:22:33.062704"
  },
  {
    "pokemon": "slaking",
    "sprite_url": "https://raw.githubusercontent.com/PokeAPI/sprites/master/sprites/pokemon/289.png",
    "timestamp": "2025-06-07T19:22:33.209273"
  },
  {
    "pokemon": "nincada",
    "sprite_url": "https://raw.githubusercontent.com/PokeAPI/sprites/master/sprites/pokemon/290.png",
    "timestamp": "2025-06-07T19:22:33.356863"
  },
  {
    "pokemon": "ninjask",
    "sprite_url": "https://raw.githubusercontent.com/PokeAPI/sprites/master/sprites/pokemon/291.png",
    "timestamp": "2025-06-07T19:22:33.648153"
  },
  {
    "pokemon": "shedinja",
    "sprite_url": "https://raw.githubusercontent.com/PokeAPI/sprites/master/sprites/pokemon/292.png",
    "timestamp": "2025-06-07T19:22:33.790349"
  },
  {
    "pokemon": "whismur",
    "sprite_url": "https://raw.githubusercontent.com/PokeAPI/sprites/master/sprites/pokemon/293.png",
    "timestamp": "2025-06-07T19:22:33.939541"
  },
  {
    "pokemon": "loudred",
    "sprite_url": "https://raw.githubusercontent.com/PokeAPI/sprites/master/sprites/pokemon/294.png",
    "timestamp": "2025-06-07T19:22:34.084663"
  },
  {
    "pokemon": "exploud",
    "sprite_url": "https://raw.githubusercontent.com/PokeAPI/sprites/master/sprites/pokemon/295.png",
    "timestamp": "2025-06-07T19:22:34.236927"
  },
  {
    "pokemon": "makuhita",
    "sprite_url": "https://raw.githubusercontent.com/PokeAPI/sprites/master/sprites/pokemon/296.png",
    "timestamp": "2025-06-07T19:22:34.379595"
  },
  {
    "pokemon": "hariyama",
    "sprite_url": "https://raw.githubusercontent.com/PokeAPI/sprites/master/sprites/pokemon/297.png",
    "timestamp": "2025-06-07T19:22:34.520169"
  },
  {
    "pokemon": "azurill",
    "sprite_url": "https://raw.githubusercontent.com/PokeAPI/sprites/master/sprites/pokemon/298.png",
    "timestamp": "2025-06-07T19:22:34.820045"
  },
  {
    "pokemon": "nosepass",
    "sprite_url": "https://raw.githubusercontent.com/PokeAPI/sprites/master/sprites/pokemon/299.png",
    "timestamp": "2025-06-07T19:22:34.970082"
  },
  {
    "pokemon": "skitty",
    "sprite_url": "https://raw.githubusercontent.com/PokeAPI/sprites/master/sprites/pokemon/300.png",
    "timestamp": "2025-06-07T19:22:35.102573"
  },
  {
    "pokemon": "delcatty",
    "sprite_url": "https://raw.githubusercontent.com/PokeAPI/sprites/master/sprites/pokemon/301.png",
    "timestamp": "2025-06-07T19:22:35.245377"
  },
  {
    "pokemon": "sableye",
    "sprite_url": "https://raw.githubusercontent.com/PokeAPI/sprites/master/sprites/pokemon/302.png",
    "timestamp": "2025-06-07T19:22:35.388491"
  },
  {
    "pokemon": "mawile",
    "sprite_url": "https://raw.githubusercontent.com/PokeAPI/sprites/master/sprites/pokemon/303.png",
    "timestamp": "2025-06-07T19:22:35.540922"
  },
  {
    "pokemon": "aron",
    "sprite_url": "https://raw.githubusercontent.com/PokeAPI/sprites/master/sprites/pokemon/304.png",
    "timestamp": "2025-06-07T19:22:35.682487"
  },
  {
    "pokemon": "lairon",
    "sprite_url": "https://raw.githubusercontent.com/PokeAPI/sprites/master/sprites/pokemon/305.png",
    "timestamp": "2025-06-07T19:22:36.036354"
  },
  {
    "pokemon": "aggron",
    "sprite_url": "https://raw.githubusercontent.com/PokeAPI/sprites/master/sprites/pokemon/306.png",
    "timestamp": "2025-06-07T19:22:36.176074"
  },
  {
    "pokemon": "meditite",
    "sprite_url": "https://raw.githubusercontent.com/PokeAPI/sprites/master/sprites/pokemon/307.png",
    "timestamp": "2025-06-07T19:22:36.425751"
  },
  {
    "pokemon": "medicham",
    "sprite_url": "https://raw.githubusercontent.com/PokeAPI/sprites/master/sprites/pokemon/308.png",
    "timestamp": "2025-06-07T19:22:36.572279"
  },
  {
    "pokemon": "electrike",
    "sprite_url": "https://raw.githubusercontent.com/PokeAPI/sprites/master/sprites/pokemon/309.png",
    "timestamp": "2025-06-07T19:22:36.717675"
  },
  {
    "pokemon": "manectric",
    "sprite_url": "https://raw.githubusercontent.com/PokeAPI/sprites/master/sprites/pokemon/310.png",
    "timestamp": "2025-06-07T19:22:36.852218"
  },
  {
    "pokemon": "plusle",
    "sprite_url": "https://raw.githubusercontent.com/PokeAPI/sprites/master/sprites/pokemon/311.png",
    "timestamp": "2025-06-07T19:22:37.011722"
  },
  {
    "pokemon": "minun",
    "sprite_url": "https://raw.githubusercontent.com/PokeAPI/sprites/master/sprites/pokemon/312.png",
    "timestamp": "2025-06-07T19:22:37.226194"
  },
  {
    "pokemon": "volbeat",
    "sprite_url": "https://raw.githubusercontent.com/PokeAPI/sprites/master/sprites/pokemon/313.png",
    "timestamp": "2025-06-07T19:22:37.372936"
  },
  {
    "pokemon": "illumise",
    "sprite_url": "https://raw.githubusercontent.com/PokeAPI/sprites/master/sprites/pokemon/314.png",
    "timestamp": "2025-06-07T19:22:37.524034"
  },
  {
    "pokemon": "roselia",
    "sprite_url": "https://raw.githubusercontent.com/PokeAPI/sprites/master/sprites/pokemon/315.png",
    "timestamp": "2025-06-07T19:22:37.698800"
  },
  {
    "pokemon": "gulpin",
    "sprite_url": "https://raw.githubusercontent.com/PokeAPI/sprites/master/sprites/pokemon/316.png",
    "timestamp": "2025-06-07T19:22:37.842221"
  },
  {
    "pokemon": "swalot",
    "sprite_url": "https://raw.githubusercontent.com/PokeAPI/sprites/master/sprites/pokemon/317.png",
    "timestamp": "2025-06-07T19:22:37.986790"
  },
  {
    "pokemon": "carvanha",
    "sprite_url": "https://raw.githubusercontent.com/PokeAPI/sprites/master/sprites/pokemon/318.png",
    "timestamp": "2025-06-07T19:22:38.126968"
  },
  {
    "pokemon": "sharpedo",
    "sprite_url": "https://raw.githubusercontent.com/PokeAPI/sprites/master/sprites/pokemon/319.png",
    "timestamp": "2025-06-07T19:22:38.269897"
  },
  {
    "pokemon": "wailmer",
    "sprite_url": "https://raw.githubusercontent.com/PokeAPI/sprites/master/sprites/pokemon/320.png",
    "timestamp": "2025-06-07T19:22:38.412588"
  },
  {
    "pokemon": "wailord",
    "sprite_url": "https://raw.githubusercontent.com/PokeAPI/sprites/master/sprites/pokemon/321.png",
    "timestamp": "2025-06-07T19:22:38.587575"
  },
  {
    "pokemon": "numel",
    "sprite_url": "https://raw.githubusercontent.com/PokeAPI/sprites/master/sprites/pokemon/322.png",
    "timestamp": "2025-06-07T19:22:38.734682"
  },
  {
    "pokemon": "camerupt",
    "sprite_url": "https://raw.githubusercontent.com/PokeAPI/sprites/master/sprites/pokemon/323.png",
    "timestamp": "2025-06-07T19:22:38.873616"
  },
  {
    "pokemon": "torkoal",
    "sprite_url": "https://raw.githubusercontent.com/PokeAPI/sprites/master/sprites/pokemon/324.png",
    "timestamp": "2025-06-07T19:22:39.016078"
  },
  {
    "pokemon": "spoink",
    "sprite_url": "https://raw.githubusercontent.com/PokeAPI/sprites/master/sprites/pokemon/325.png",
    "timestamp": "2025-06-07T19:22:39.205222"
  },
  {
    "pokemon": "grumpig",
    "sprite_url": "https://raw.githubusercontent.com/PokeAPI/sprites/master/sprites/pokemon/326.png",
    "timestamp": "2025-06-07T19:22:39.334098"
  },
  {
    "pokemon": "spinda",
    "sprite_url": "https://raw.githubusercontent.com/PokeAPI/sprites/master/sprites/pokemon/327.png",
    "timestamp": "2025-06-07T19:22:39.502588"
  },
  {
    "pokemon": "trapinch",
    "sprite_url": "https://raw.githubusercontent.com/PokeAPI/sprites/master/sprites/pokemon/328.png",
    "timestamp": "2025-06-07T19:22:39.645503"
  },
  {
    "pokemon": "vibrava",
    "sprite_url": "https://raw.githubusercontent.com/PokeAPI/sprites/master/sprites/pokemon/329.png",
    "timestamp": "2025-06-07T19:22:39.802676"
  },
  {
    "pokemon": "flygon",
    "sprite_url": "https://raw.githubusercontent.com/PokeAPI/sprites/master/sprites/pokemon/330.png",
    "timestamp": "2025-06-07T19:22:39.954937"
  },
  {
    "pokemon": "cacnea",
    "sprite_url": "https://raw.githubusercontent.com/PokeAPI/sprites/master/sprites/pokemon/331.png",
    "timestamp": "2025-06-07T19:22:40.099929"
  },
  {
    "pokemon": "cacturne",
    "sprite_url": "https://raw.githubusercontent.com/PokeAPI/sprites/master/sprites/pokemon/332.png",
    "timestamp": "2025-06-07T19:22:40.241793"
  },
  {
    "pokemon": "swablu",
    "sprite_url": "https://raw.githubusercontent.com/PokeAPI/sprites/master/sprites/pokemon/333.png",
    "timestamp": "2025-06-07T19:22:40.496530"
  },
  {
    "pokemon": "altaria",
    "sprite_url": "https://raw.githubusercontent.com/PokeAPI/sprites/master/sprites/pokemon/334.png",
    "timestamp": "2025-06-07T19:22:40.751508"
  },
  {
    "pokemon": "zangoose",
    "sprite_url": "https://raw.githubusercontent.com/PokeAPI/sprites/master/sprites/pokemon/335.png",
    "timestamp": "2025-06-07T19:22:40.894167"
  },
  {
    "pokemon": "seviper",
    "sprite_url": "https://raw.githubusercontent.com/PokeAPI/sprites/master/sprites/pokemon/336.png",
    "timestamp": "2025-06-07T19:22:41.034249"
  },
  {
    "pokemon": "lunatone",
    "sprite_url": "https://raw.githubusercontent.com/PokeAPI/sprites/master/sprites/pokemon/337.png",
    "timestamp": "2025-06-07T19:22:41.192827"
  },
  {
    "pokemon": "solrock",
    "sprite_url": "https://raw.githubusercontent.com/PokeAPI/sprites/master/sprites/pokemon/338.png",
    "timestamp": "2025-06-07T19:22:41.332537"
  },
  {
    "pokemon": "barboach",
    "sprite_url": "https://raw.githubusercontent.com/PokeAPI/sprites/master/sprites/pokemon/339.png",
    "timestamp": "2025-06-07T19:22:41.570812"
  },
  {
    "pokemon": "whiscash",
    "sprite_url": "https://raw.githubusercontent.com/PokeAPI/sprites/master/sprites/pokemon/340.png",
    "timestamp": "2025-06-07T19:22:41.706540"
  },
  {
    "pokemon": "corphish",
    "sprite_url": "https://raw.githubusercontent.com/PokeAPI/sprites/master/sprites/pokemon/341.png",
    "timestamp": "2025-06-07T19:22:41.854734"
  },
  {
    "pokemon": "crawdaunt",
    "sprite_url": "https://raw.githubusercontent.com/PokeAPI/sprites/master/sprites/pokemon/342.png",
    "timestamp": "2025-06-07T19:22:41.997478"
  },
  {
    "pokemon": "baltoy",
    "sprite_url": "https://raw.githubusercontent.com/PokeAPI/sprites/master/sprites/pokemon/343.png",
    "timestamp": "2025-06-07T19:22:42.138450"
  },
  {
    "pokemon": "claydol",
    "sprite_url": "https://raw.githubusercontent.com/PokeAPI/sprites/master/sprites/pokemon/344.png",
    "timestamp": "2025-06-07T19:22:42.288273"
  },
  {
    "pokemon": "lileep",
    "sprite_url": "https://raw.githubusercontent.com/PokeAPI/sprites/master/sprites/pokemon/345.png",
    "timestamp": "2025-06-07T19:22:42.437204"
  },
  {
    "pokemon": "cradily",
    "sprite_url": "https://raw.githubusercontent.com/PokeAPI/sprites/master/sprites/pokemon/346.png",
    "timestamp": "2025-06-07T19:22:42.571472"
  },
  {
    "pokemon": "anorith",
    "sprite_url": "https://raw.githubusercontent.com/PokeAPI/sprites/master/sprites/pokemon/347.png",
    "timestamp": "2025-06-07T19:22:42.725963"
  },
  {
    "pokemon": "armaldo",
    "sprite_url": "https://raw.githubusercontent.com/PokeAPI/sprites/master/sprites/pokemon/348.png",
    "timestamp": "2025-06-07T19:22:42.872713"
  },
  {
    "pokemon": "feebas",
    "sprite_url": "https://raw.githubusercontent.com/PokeAPI/sprites/master/sprites/pokemon/349.png",
    "timestamp": "2025-06-07T19:22:43.022247"
  },
  {
    "pokemon": "milotic",
    "sprite_url": "https://raw.githubusercontent.com/PokeAPI/sprites/master/sprites/pokemon/350.png",
    "timestamp": "2025-06-07T19:22:43.178483"
  },
  {
    "pokemon": "castform",
    "sprite_url": "https://raw.githubusercontent.com/PokeAPI/sprites/master/sprites/pokemon/351.png",
    "timestamp": "2025-06-07T19:22:43.342646"
  },
  {
    "pokemon": "kecleon",
    "sprite_url": "https://raw.githubusercontent.com/PokeAPI/sprites/master/sprites/pokemon/352.png",
    "timestamp": "2025-06-07T19:22:43.491646"
  },
  {
    "pokemon": "shuppet",
    "sprite_url": "https://raw.githubusercontent.com/PokeAPI/sprites/master/sprites/pokemon/353.png",
    "timestamp": "2025-06-07T19:22:43.628664"
  },
  {
    "pokemon": "banette",
    "sprite_url": "https://raw.githubusercontent.com/PokeAPI/sprites/master/sprites/pokemon/354.png",
    "timestamp": "2025-06-07T19:22:43.772246"
  },
  {
    "pokemon": "duskull",
    "sprite_url": "https://raw.githubusercontent.com/PokeAPI/sprites/master/sprites/pokemon/355.png",
    "timestamp": "2025-06-07T19:22:43.913751"
  },
  {
    "pokemon": "dusclops",
    "sprite_url": "https://raw.githubusercontent.com/PokeAPI/sprites/master/sprites/pokemon/356.png",
    "timestamp": "2025-06-07T19:22:44.100179"
  },
  {
    "pokemon": "tropius",
    "sprite_url": "https://raw.githubusercontent.com/PokeAPI/sprites/master/sprites/pokemon/357.png",
    "timestamp": "2025-06-07T19:22:44.235836"
  },
  {
    "pokemon": "chimecho",
    "sprite_url": "https://raw.githubusercontent.com/PokeAPI/sprites/master/sprites/pokemon/358.png",
    "timestamp": "2025-06-07T19:22:44.491186"
  },
  {
    "pokemon": "absol",
    "sprite_url": "https://raw.githubusercontent.com/PokeAPI/sprites/master/sprites/pokemon/359.png",
    "timestamp": "2025-06-07T19:22:44.634244"
  },
  {
    "pokemon": "wynaut",
    "sprite_url": "https://raw.githubusercontent.com/PokeAPI/sprites/master/sprites/pokemon/360.png",
    "timestamp": "2025-06-07T19:22:44.769466"
  },
  {
    "pokemon": "snorunt",
    "sprite_url": "https://raw.githubusercontent.com/PokeAPI/sprites/master/sprites/pokemon/361.png",
    "timestamp": "2025-06-07T19:22:44.917683"
  },
  {
    "pokemon": "glalie",
    "sprite_url": "https://raw.githubusercontent.com/PokeAPI/sprites/master/sprites/pokemon/362.png",
    "timestamp": "2025-06-07T19:22:45.061130"
  },
  {
    "pokemon": "spheal",
    "sprite_url": "https://raw.githubusercontent.com/PokeAPI/sprites/master/sprites/pokemon/363.png",
    "timestamp": "2025-06-07T19:22:45.265554"
  },
  {
    "pokemon": "sealeo",
    "sprite_url": "https://raw.githubusercontent.com/PokeAPI/sprites/master/sprites/pokemon/364.png",
    "timestamp": "2025-06-07T19:22:45.426255"
  },
  {
    "pokemon": "walrein",
    "sprite_url": "https://raw.githubusercontent.com/PokeAPI/sprites/master/sprites/pokemon/365.png",
    "timestamp": "2025-06-07T19:22:45.557746"
  },
  {
    "pokemon": "clamperl",
    "sprite_url": "https://raw.githubusercontent.com/PokeAPI/sprites/master/sprites/pokemon/366.png",
    "timestamp": "2025-06-07T19:22:45.797072"
  },
  {
    "pokemon": "huntail",
    "sprite_url": "https://raw.githubusercontent.com/PokeAPI/sprites/master/sprites/pokemon/367.png",
    "timestamp": "2025-06-07T19:22:45.956197"
  },
  {
    "pokemon": "gorebyss",
    "sprite_url": "https://raw.githubusercontent.com/PokeAPI/sprites/master/sprites/pokemon/368.png",
    "timestamp": "2025-06-07T19:22:46.097029"
  },
  {
    "pokemon": "relicanth",
    "sprite_url": "https://raw.githubusercontent.com/PokeAPI/sprites/master/sprites/pokemon/369.png",
    "timestamp": "2025-06-07T19:22:46.256083"
  },
  {
    "pokemon": "luvdisc",
    "sprite_url": "https://raw.githubusercontent.com/PokeAPI/sprites/master/sprites/pokemon/370.png",
    "timestamp": "2025-06-07T19:22:46.401014"
  },
  {
    "pokemon": "bagon",
    "sprite_url": "https://raw.githubusercontent.com/PokeAPI/sprites/master/sprites/pokemon/371.png",
    "timestamp": "2025-06-07T19:22:46.544937"
  },
  {
    "pokemon": "shelgon",
    "sprite_url": "https://raw.githubusercontent.com/PokeAPI/sprites/master/sprites/pokemon/372.png",
    "timestamp": "2025-06-07T19:22:46.738408"
  },
  {
    "pokemon": "salamence",
    "sprite_url": "https://raw.githubusercontent.com/PokeAPI/sprites/master/sprites/pokemon/373.png",
    "timestamp": "2025-06-07T19:22:46.873498"
  },
  {
    "pokemon": "beldum",
    "sprite_url": "https://raw.githubusercontent.com/PokeAPI/sprites/master/sprites/pokemon/374.png",
    "timestamp": "2025-06-07T19:22:47.018506"
  },
  {
    "pokemon": "metang",
    "sprite_url": "https://raw.githubusercontent.com/PokeAPI/sprites/master/sprites/pokemon/375.png",
    "timestamp": "2025-06-07T19:22:47.172151"
  },
  {
    "pokemon": "metagross",
    "sprite_url": "https://raw.githubusercontent.com/PokeAPI/sprites/master/sprites/pokemon/376.png",
    "timestamp": "2025-06-07T19:22:47.320179"
  },
  {
    "pokemon": "regirock",
    "sprite_url": "https://raw.githubusercontent.com/PokeAPI/sprites/master/sprites/pokemon/377.png",
    "timestamp": "2025-06-07T19:22:47.460657"
  },
  {
    "pokemon": "regice",
    "sprite_url": "https://raw.githubusercontent.com/PokeAPI/sprites/master/sprites/pokemon/378.png",
    "timestamp": "2025-06-07T19:22:47.607750"
  },
  {
    "pokemon": "registeel",
    "sprite_url": "https://raw.githubusercontent.com/PokeAPI/sprites/master/sprites/pokemon/379.png",
    "timestamp": "2025-06-07T19:22:47.749205"
  },
  {
    "pokemon": "latias",
    "sprite_url": "https://raw.githubusercontent.com/PokeAPI/sprites/master/sprites/pokemon/380.png",
    "timestamp": "2025-06-07T19:22:47.909872"
  },
  {
    "pokemon": "latios",
    "sprite_url": "https://raw.githubusercontent.com/PokeAPI/sprites/master/sprites/pokemon/381.png",
    "timestamp": "2025-06-07T19:22:48.162400"
  },
  {
    "pokemon": "kyogre",
    "sprite_url": "https://raw.githubusercontent.com/PokeAPI/sprites/master/sprites/pokemon/382.png",
    "timestamp": "2025-06-07T19:22:48.309833"
  },
  {
    "pokemon": "groudon",
    "sprite_url": "https://raw.githubusercontent.com/PokeAPI/sprites/master/sprites/pokemon/383.png",
    "timestamp": "2025-06-07T19:22:48.457528"
  },
  {
    "pokemon": "rayquaza",
    "sprite_url": "https://raw.githubusercontent.com/PokeAPI/sprites/master/sprites/pokemon/384.png",
    "timestamp": "2025-06-07T19:22:48.585520"
  },
  {
    "pokemon": "jirachi",
    "sprite_url": "https://raw.githubusercontent.com/PokeAPI/sprites/master/sprites/pokemon/385.png",
    "timestamp": "2025-06-07T19:22:48.753577"
  },
  {
    "pokemon": "deoxys-normal",
    "sprite_url": "https://raw.githubusercontent.com/PokeAPI/sprites/master/sprites/pokemon/386.png",
    "timestamp": "2025-06-07T19:22:48.906272"
  },
  {
    "pokemon": "turtwig",
    "sprite_url": "https://raw.githubusercontent.com/PokeAPI/sprites/master/sprites/pokemon/387.png",
    "timestamp": "2025-06-07T19:22:49.052603"
  },
  {
    "pokemon": "grotle",
    "sprite_url": "https://raw.githubusercontent.com/PokeAPI/sprites/master/sprites/pokemon/388.png",
    "timestamp": "2025-06-07T19:22:49.195571"
  },
  {
    "pokemon": "torterra",
    "sprite_url": "https://raw.githubusercontent.com/PokeAPI/sprites/master/sprites/pokemon/389.png",
    "timestamp": "2025-06-07T19:22:49.421223"
  },
  {
    "pokemon": "chimchar",
    "sprite_url": "https://raw.githubusercontent.com/PokeAPI/sprites/master/sprites/pokemon/390.png",
    "timestamp": "2025-06-07T19:22:49.553745"
  },
  {
    "pokemon": "monferno",
    "sprite_url": "https://raw.githubusercontent.com/PokeAPI/sprites/master/sprites/pokemon/391.png",
    "timestamp": "2025-06-07T19:22:49.690462"
  },
  {
    "pokemon": "infernape",
    "sprite_url": "https://raw.githubusercontent.com/PokeAPI/sprites/master/sprites/pokemon/392.png",
    "timestamp": "2025-06-07T19:22:49.844397"
  },
  {
    "pokemon": "piplup",
    "sprite_url": "https://raw.githubusercontent.com/PokeAPI/sprites/master/sprites/pokemon/393.png",
    "timestamp": "2025-06-07T19:22:49.992665"
  },
  {
    "pokemon": "prinplup",
    "sprite_url": "https://raw.githubusercontent.com/PokeAPI/sprites/master/sprites/pokemon/394.png",
    "timestamp": "2025-06-07T19:22:50.124065"
  },
  {
    "pokemon": "empoleon",
    "sprite_url": "https://raw.githubusercontent.com/PokeAPI/sprites/master/sprites/pokemon/395.png",
    "timestamp": "2025-06-07T19:22:50.395057"
  },
  {
    "pokemon": "starly",
    "sprite_url": "https://raw.githubusercontent.com/PokeAPI/sprites/master/sprites/pokemon/396.png",
    "timestamp": "2025-06-07T19:22:50.541050"
  },
  {
    "pokemon": "staravia",
    "sprite_url": "https://raw.githubusercontent.com/PokeAPI/sprites/master/sprites/pokemon/397.png",
    "timestamp": "2025-06-07T19:22:50.685473"
  },
  {
    "pokemon": "staraptor",
    "sprite_url": "https://raw.githubusercontent.com/PokeAPI/sprites/master/sprites/pokemon/398.png",
    "timestamp": "2025-06-07T19:22:50.826829"
  },
  {
    "pokemon": "bidoof",
    "sprite_url": "https://raw.githubusercontent.com/PokeAPI/sprites/master/sprites/pokemon/399.png",
    "timestamp": "2025-06-07T19:22:50.966821"
  },
  {
    "pokemon": "bibarel",
    "sprite_url": "https://raw.githubusercontent.com/PokeAPI/sprites/master/sprites/pokemon/400.png",
    "timestamp": "2025-06-07T19:22:51.123624"
  },
  {
    "pokemon": "kricketot",
    "sprite_url": "https://raw.githubusercontent.com/PokeAPI/sprites/master/sprites/pokemon/401.png",
    "timestamp": "2025-06-07T19:22:51.257768"
  },
  {
    "pokemon": "kricketune",
    "sprite_url": "https://raw.githubusercontent.com/PokeAPI/sprites/master/sprites/pokemon/402.png",
    "timestamp": "2025-06-07T19:22:51.395143"
  },
  {
    "pokemon": "shinx",
    "sprite_url": "https://raw.githubusercontent.com/PokeAPI/sprites/master/sprites/pokemon/403.png",
    "timestamp": "2025-06-07T19:22:51.544551"
  },
  {
    "pokemon": "luxio",
    "sprite_url": "https://raw.githubusercontent.com/PokeAPI/sprites/master/sprites/pokemon/404.png",
    "timestamp": "2025-06-07T19:22:51.688975"
  },
  {
    "pokemon": "luxray",
    "sprite_url": "https://raw.githubusercontent.com/PokeAPI/sprites/master/sprites/pokemon/405.png",
    "timestamp": "2025-06-07T19:22:51.825317"
  },
  {
    "pokemon": "budew",
    "sprite_url": "https://raw.githubusercontent.com/PokeAPI/sprites/master/sprites/pokemon/406.png",
    "timestamp": "2025-06-07T19:22:51.975957"
  },
  {
    "pokemon": "roserade",
    "sprite_url": "https://raw.githubusercontent.com/PokeAPI/sprites/master/sprites/pokemon/407.png",
    "timestamp": "2025-06-07T19:22:52.136808"
  },
  {
    "pokemon": "cranidos",
    "sprite_url": "https://raw.githubusercontent.com/PokeAPI/sprites/master/sprites/pokemon/408.png",
    "timestamp": "2025-06-07T19:22:52.277682"
  },
  {
    "pokemon": "rampardos",
    "sprite_url": "https://raw.githubusercontent.com/PokeAPI/sprites/master/sprites/pokemon/409.png",
    "timestamp": "2025-06-07T19:22:52.423454"
  },
  {
    "pokemon": "shieldon",
    "sprite_url": "https://raw.githubusercontent.com/PokeAPI/sprites/master/sprites/pokemon/410.png",
    "timestamp": "2025-06-07T19:22:52.569375"
  },
  {
    "pokemon": "bastiodon",
    "sprite_url": "https://raw.githubusercontent.com/PokeAPI/sprites/master/sprites/pokemon/411.png",
    "timestamp": "2025-06-07T19:22:52.712053"
  },
  {
    "pokemon": "burmy",
    "sprite_url": "https://raw.githubusercontent.com/PokeAPI/sprites/master/sprites/pokemon/412.png",
    "timestamp": "2025-06-07T19:22:52.855772"
  },
  {
    "pokemon": "wormadam-plant",
    "sprite_url": "https://raw.githubusercontent.com/PokeAPI/sprites/master/sprites/pokemon/413.png",
    "timestamp": "2025-06-07T19:22:53.089953"
  },
  {
    "pokemon": "mothim",
    "sprite_url": "https://raw.githubusercontent.com/PokeAPI/sprites/master/sprites/pokemon/414.png",
    "timestamp": "2025-06-07T19:22:53.336057"
  },
  {
    "pokemon": "combee",
    "sprite_url": "https://raw.githubusercontent.com/PokeAPI/sprites/master/sprites/pokemon/415.png",
    "timestamp": "2025-06-07T19:22:53.471069"
  },
  {
    "pokemon": "vespiquen",
    "sprite_url": "https://raw.githubusercontent.com/PokeAPI/sprites/master/sprites/pokemon/416.png",
    "timestamp": "2025-06-07T19:22:53.605536"
  },
  {
    "pokemon": "pachirisu",
    "sprite_url": "https://raw.githubusercontent.com/PokeAPI/sprites/master/sprites/pokemon/417.png",
    "timestamp": "2025-06-07T19:22:53.744465"
  },
  {
    "pokemon": "buizel",
    "sprite_url": "https://raw.githubusercontent.com/PokeAPI/sprites/master/sprites/pokemon/418.png",
    "timestamp": "2025-06-07T19:22:53.886544"
  },
  {
    "pokemon": "floatzel",
    "sprite_url": "https://raw.githubusercontent.com/PokeAPI/sprites/master/sprites/pokemon/419.png",
    "timestamp": "2025-06-07T19:22:54.033862"
  },
  {
    "pokemon": "cherubi",
    "sprite_url": "https://raw.githubusercontent.com/PokeAPI/sprites/master/sprites/pokemon/420.png",
    "timestamp": "2025-06-07T19:22:54.188660"
  },
  {
    "pokemon": "cherrim",
    "sprite_url": "https://raw.githubusercontent.com/PokeAPI/sprites/master/sprites/pokemon/421.png",
    "timestamp": "2025-06-07T19:22:54.338810"
  },
  {
    "pokemon": "shellos",
    "sprite_url": "https://raw.githubusercontent.com/PokeAPI/sprites/master/sprites/pokemon/422.png",
    "timestamp": "2025-06-07T19:22:54.477615"
  },
  {
    "pokemon": "gastrodon",
    "sprite_url": "https://raw.githubusercontent.com/PokeAPI/sprites/master/sprites/pokemon/423.png",
    "timestamp": "2025-06-07T19:22:54.620033"
  },
  {
    "pokemon": "ambipom",
    "sprite_url": "https://raw.githubusercontent.com/PokeAPI/sprites/master/sprites/pokemon/424.png",
    "timestamp": "2025-06-07T19:22:54.768397"
  },
  {
    "pokemon": "drifloon",
    "sprite_url": "https://raw.githubusercontent.com/PokeAPI/sprites/master/sprites/pokemon/425.png",
    "timestamp": "2025-06-07T19:22:54.919901"
  },
  {
    "pokemon": "drifblim",
    "sprite_url": "https://raw.githubusercontent.com/PokeAPI/sprites/master/sprites/pokemon/426.png",
    "timestamp": "2025-06-07T19:22:55.057636"
  },
  {
    "pokemon": "buneary",
    "sprite_url": "https://raw.githubusercontent.com/PokeAPI/sprites/master/sprites/pokemon/427.png",
    "timestamp": "2025-06-07T19:22:55.195094"
  },
  {
    "pokemon": "lopunny",
    "sprite_url": "https://raw.githubusercontent.com/PokeAPI/sprites/master/sprites/pokemon/428.png",
    "timestamp": "2025-06-07T19:22:55.342422"
  },
  {
    "pokemon": "mismagius",
    "sprite_url": "https://raw.githubusercontent.com/PokeAPI/sprites/master/sprites/pokemon/429.png",
    "timestamp": "2025-06-07T19:22:55.479031"
  },
  {
    "pokemon": "honchkrow",
    "sprite_url": "https://raw.githubusercontent.com/PokeAPI/sprites/master/sprites/pokemon/430.png",
    "timestamp": "2025-06-07T19:22:55.627357"
  },
  {
    "pokemon": "glameow",
    "sprite_url": "https://raw.githubusercontent.com/PokeAPI/sprites/master/sprites/pokemon/431.png",
    "timestamp": "2025-06-07T19:22:55.770315"
  },
  {
    "pokemon": "purugly",
    "sprite_url": "https://raw.githubusercontent.com/PokeAPI/sprites/master/sprites/pokemon/432.png",
    "timestamp": "2025-06-07T19:22:55.917257"
  },
  {
    "pokemon": "chingling",
    "sprite_url": "https://raw.githubusercontent.com/PokeAPI/sprites/master/sprites/pokemon/433.png",
    "timestamp": "2025-06-07T19:22:56.056804"
  },
  {
    "pokemon": "stunky",
    "sprite_url": "https://raw.githubusercontent.com/PokeAPI/sprites/master/sprites/pokemon/434.png",
    "timestamp": "2025-06-07T19:22:56.200427"
  },
  {
    "pokemon": "skuntank",
    "sprite_url": "https://raw.githubusercontent.com/PokeAPI/sprites/master/sprites/pokemon/435.png",
    "timestamp": "2025-06-07T19:22:56.344172"
  },
  {
    "pokemon": "bronzor",
    "sprite_url": "https://raw.githubusercontent.com/PokeAPI/sprites/master/sprites/pokemon/436.png",
    "timestamp": "2025-06-07T19:22:56.487747"
  },
  {
    "pokemon": "bronzong",
    "sprite_url": "https://raw.githubusercontent.com/PokeAPI/sprites/master/sprites/pokemon/437.png",
    "timestamp": "2025-06-07T19:22:56.635386"
  },
  {
    "pokemon": "bonsly",
    "sprite_url": "https://raw.githubusercontent.com/PokeAPI/sprites/master/sprites/pokemon/438.png",
    "timestamp": "2025-06-07T19:22:56.774647"
  },
  {
    "pokemon": "mime-jr",
    "sprite_url": "https://raw.githubusercontent.com/PokeAPI/sprites/master/sprites/pokemon/439.png",
    "timestamp": "2025-06-07T19:22:56.923581"
  },
  {
    "pokemon": "happiny",
    "sprite_url": "https://raw.githubusercontent.com/PokeAPI/sprites/master/sprites/pokemon/440.png",
    "timestamp": "2025-06-07T19:22:57.057842"
  },
  {
    "pokemon": "chatot",
    "sprite_url": "https://raw.githubusercontent.com/PokeAPI/sprites/master/sprites/pokemon/441.png",
    "timestamp": "2025-06-07T19:22:57.201515"
  },
  {
    "pokemon": "spiritomb",
    "sprite_url": "https://raw.githubusercontent.com/PokeAPI/sprites/master/sprites/pokemon/442.png",
    "timestamp": "2025-06-07T19:22:57.338172"
  },
  {
    "pokemon": "gible",
    "sprite_url": "https://raw.githubusercontent.com/PokeAPI/sprites/master/sprites/pokemon/443.png",
    "timestamp": "2025-06-07T19:22:57.473538"
  },
  {
    "pokemon": "gabite",
    "sprite_url": "https://raw.githubusercontent.com/PokeAPI/sprites/master/sprites/pokemon/444.png",
    "timestamp": "2025-06-07T19:22:57.610714"
  },
  {
    "pokemon": "garchomp",
    "sprite_url": "https://raw.githubusercontent.com/PokeAPI/sprites/master/sprites/pokemon/445.png",
    "timestamp": "2025-06-07T19:22:57.785550"
  },
  {
    "pokemon": "munchlax",
    "sprite_url": "https://raw.githubusercontent.com/PokeAPI/sprites/master/sprites/pokemon/446.png",
    "timestamp": "2025-06-07T19:22:57.961867"
  },
  {
    "pokemon": "riolu",
    "sprite_url": "https://raw.githubusercontent.com/PokeAPI/sprites/master/sprites/pokemon/447.png",
    "timestamp": "2025-06-07T19:22:58.103260"
  },
  {
    "pokemon": "lucario",
    "sprite_url": "https://raw.githubusercontent.com/PokeAPI/sprites/master/sprites/pokemon/448.png",
    "timestamp": "2025-06-07T19:22:58.336624"
  },
  {
    "pokemon": "hippopotas",
    "sprite_url": "https://raw.githubusercontent.com/PokeAPI/sprites/master/sprites/pokemon/449.png",
    "timestamp": "2025-06-07T19:22:58.483609"
  },
  {
    "pokemon": "hippowdon",
    "sprite_url": "https://raw.githubusercontent.com/PokeAPI/sprites/master/sprites/pokemon/450.png",
    "timestamp": "2025-06-07T19:22:58.622797"
  },
  {
    "pokemon": "skorupi",
    "sprite_url": "https://raw.githubusercontent.com/PokeAPI/sprites/master/sprites/pokemon/451.png",
    "timestamp": "2025-06-07T19:22:58.771614"
  },
  {
    "pokemon": "drapion",
    "sprite_url": "https://raw.githubusercontent.com/PokeAPI/sprites/master/sprites/pokemon/452.png",
    "timestamp": "2025-06-07T19:22:59.153672"
  },
  {
    "pokemon": "croagunk",
    "sprite_url": "https://raw.githubusercontent.com/PokeAPI/sprites/master/sprites/pokemon/453.png",
    "timestamp": "2025-06-07T19:22:59.309439"
  },
  {
    "pokemon": "toxicroak",
    "sprite_url": "https://raw.githubusercontent.com/PokeAPI/sprites/master/sprites/pokemon/454.png",
    "timestamp": "2025-06-07T19:22:59.457833"
  },
  {
    "pokemon": "carnivine",
    "sprite_url": "https://raw.githubusercontent.com/PokeAPI/sprites/master/sprites/pokemon/455.png",
    "timestamp": "2025-06-07T19:22:59.599369"
  },
  {
    "pokemon": "finneon",
    "sprite_url": "https://raw.githubusercontent.com/PokeAPI/sprites/master/sprites/pokemon/456.png",
    "timestamp": "2025-06-07T19:22:59.735088"
  },
  {
    "pokemon": "lumineon",
    "sprite_url": "https://raw.githubusercontent.com/PokeAPI/sprites/master/sprites/pokemon/457.png",
    "timestamp": "2025-06-07T19:22:59.882000"
  },
  {
    "pokemon": "mantyke",
    "sprite_url": "https://raw.githubusercontent.com/PokeAPI/sprites/master/sprites/pokemon/458.png",
    "timestamp": "2025-06-07T19:23:00.027121"
  },
  {
    "pokemon": "snover",
    "sprite_url": "https://raw.githubusercontent.com/PokeAPI/sprites/master/sprites/pokemon/459.png",
    "timestamp": "2025-06-07T19:23:00.327265"
  },
  {
    "pokemon": "abomasnow",
    "sprite_url": "https://raw.githubusercontent.com/PokeAPI/sprites/master/sprites/pokemon/460.png",
    "timestamp": "2025-06-07T19:23:00.569553"
  },
  {
    "pokemon": "weavile",
    "sprite_url": "https://raw.githubusercontent.com/PokeAPI/sprites/master/sprites/pokemon/461.png",
    "timestamp": "2025-06-07T19:23:00.720325"
  },
  {
    "pokemon": "magnezone",
    "sprite_url": "https://raw.githubusercontent.com/PokeAPI/sprites/master/sprites/pokemon/462.png",
    "timestamp": "2025-06-07T19:23:00.863901"
  },
  {
    "pokemon": "lickilicky",
    "sprite_url": "https://raw.githubusercontent.com/PokeAPI/sprites/master/sprites/pokemon/463.png",
    "timestamp": "2025-06-07T19:23:01.018540"
  },
  {
    "pokemon": "rhyperior",
    "sprite_url": "https://raw.githubusercontent.com/PokeAPI/sprites/master/sprites/pokemon/464.png",
    "timestamp": "2025-06-07T19:23:01.169907"
  },
  {
    "pokemon": "tangrowth",
    "sprite_url": "https://raw.githubusercontent.com/PokeAPI/sprites/master/sprites/pokemon/465.png",
    "timestamp": "2025-06-07T19:23:01.308177"
  },
  {
    "pokemon": "electivire",
    "sprite_url": "https://raw.githubusercontent.com/PokeAPI/sprites/master/sprites/pokemon/466.png",
    "timestamp": "2025-06-07T19:23:01.453946"
  },
  {
    "pokemon": "magmortar",
    "sprite_url": "https://raw.githubusercontent.com/PokeAPI/sprites/master/sprites/pokemon/467.png",
    "timestamp": "2025-06-07T19:23:01.603602"
  },
  {
    "pokemon": "togekiss",
    "sprite_url": "https://raw.githubusercontent.com/PokeAPI/sprites/master/sprites/pokemon/468.png",
    "timestamp": "2025-06-07T19:23:01.757246"
  },
  {
    "pokemon": "yanmega",
    "sprite_url": "https://raw.githubusercontent.com/PokeAPI/sprites/master/sprites/pokemon/469.png",
    "timestamp": "2025-06-07T19:23:01.905664"
  },
  {
    "pokemon": "leafeon",
    "sprite_url": "https://raw.githubusercontent.com/PokeAPI/sprites/master/sprites/pokemon/470.png",
    "timestamp": "2025-06-07T19:23:02.042921"
  },
  {
    "pokemon": "glaceon",
    "sprite_url": "https://raw.githubusercontent.com/PokeAPI/sprites/master/sprites/pokemon/471.png",
    "timestamp": "2025-06-07T19:23:02.186088"
  },
  {
    "pokemon": "gliscor",
    "sprite_url": "https://raw.githubusercontent.com/PokeAPI/sprites/master/sprites/pokemon/472.png",
    "timestamp": "2025-06-07T19:23:02.332925"
  },
  {
    "pokemon": "mamoswine",
    "sprite_url": "https://raw.githubusercontent.com/PokeAPI/sprites/master/sprites/pokemon/473.png",
    "timestamp": "2025-06-07T19:23:02.537213"
  },
  {
    "pokemon": "porygon-z",
    "sprite_url": "https://raw.githubusercontent.com/PokeAPI/sprites/master/sprites/pokemon/474.png",
    "timestamp": "2025-06-07T19:23:02.689019"
  },
  {
    "pokemon": "gallade",
    "sprite_url": "https://raw.githubusercontent.com/PokeAPI/sprites/master/sprites/pokemon/475.png",
    "timestamp": "2025-06-07T19:23:02.923584"
  },
  {
    "pokemon": "probopass",
    "sprite_url": "https://raw.githubusercontent.com/PokeAPI/sprites/master/sprites/pokemon/476.png",
    "timestamp": "2025-06-07T19:23:03.072204"
  },
  {
    "pokemon": "dusknoir",
    "sprite_url": "https://raw.githubusercontent.com/PokeAPI/sprites/master/sprites/pokemon/477.png",
    "timestamp": "2025-06-07T19:23:03.261018"
  },
  {
    "pokemon": "froslass",
    "sprite_url": "https://raw.githubusercontent.com/PokeAPI/sprites/master/sprites/pokemon/478.png",
    "timestamp": "2025-06-07T19:23:03.404058"
  },
  {
    "pokemon": "rotom",
    "sprite_url": "https://raw.githubusercontent.com/PokeAPI/sprites/master/sprites/pokemon/479.png",
    "timestamp": "2025-06-07T19:23:03.554685"
  },
  {
    "pokemon": "uxie",
    "sprite_url": "https://raw.githubusercontent.com/PokeAPI/sprites/master/sprites/pokemon/480.png",
    "timestamp": "2025-06-07T19:23:03.701368"
  },
  {
    "pokemon": "mesprit",
    "sprite_url": "https://raw.githubusercontent.com/PokeAPI/sprites/master/sprites/pokemon/481.png",
    "timestamp": "2025-06-07T19:23:03.858167"
  },
  {
    "pokemon": "azelf",
    "sprite_url": "https://raw.githubusercontent.com/PokeAPI/sprites/master/sprites/pokemon/482.png",
    "timestamp": "2025-06-07T19:23:04.010737"
  },
  {
    "pokemon": "dialga",
    "sprite_url": "https://raw.githubusercontent.com/PokeAPI/sprites/master/sprites/pokemon/483.png",
    "timestamp": "2025-06-07T19:23:04.150983"
  },
  {
    "pokemon": "palkia",
    "sprite_url": "https://raw.githubusercontent.com/PokeAPI/sprites/master/sprites/pokemon/484.png",
    "timestamp": "2025-06-07T19:23:04.284911"
  },
  {
    "pokemon": "heatran",
    "sprite_url": "https://raw.githubusercontent.com/PokeAPI/sprites/master/sprites/pokemon/485.png",
    "timestamp": "2025-06-07T19:23:04.468991"
  },
  {
    "pokemon": "regigigas",
    "sprite_url": "https://raw.githubusercontent.com/PokeAPI/sprites/master/sprites/pokemon/486.png",
    "timestamp": "2025-06-07T19:23:04.617914"
  },
  {
    "pokemon": "giratina-altered",
    "sprite_url": "https://raw.githubusercontent.com/PokeAPI/sprites/master/sprites/pokemon/487.png",
    "timestamp": "2025-06-07T19:23:04.746094"
  },
  {
    "pokemon": "cresselia",
    "sprite_url": "https://raw.githubusercontent.com/PokeAPI/sprites/master/sprites/pokemon/488.png",
    "timestamp": "2025-06-07T19:23:04.898655"
  },
  {
    "pokemon": "phione",
    "sprite_url": "https://raw.githubusercontent.com/PokeAPI/sprites/master/sprites/pokemon/489.png",
    "timestamp": "2025-06-07T19:23:05.139927"
  },
  {
    "pokemon": "manaphy",
    "sprite_url": "https://raw.githubusercontent.com/PokeAPI/sprites/master/sprites/pokemon/490.png",
    "timestamp": "2025-06-07T19:23:05.672435"
  },
  {
    "pokemon": "darkrai",
    "sprite_url": "https://raw.githubusercontent.com/PokeAPI/sprites/master/sprites/pokemon/491.png",
    "timestamp": "2025-06-07T19:23:05.938532"
  },
  {
    "pokemon": "shaymin-land",
    "sprite_url": "https://raw.githubusercontent.com/PokeAPI/sprites/master/sprites/pokemon/492.png",
    "timestamp": "2025-06-07T19:23:06.319985"
  },
  {
    "pokemon": "arceus",
    "sprite_url": "https://raw.githubusercontent.com/PokeAPI/sprites/master/sprites/pokemon/493.png",
    "timestamp": "2025-06-07T19:23:06.543178"
  }
]